SF:C:\GIT\workman\src\eval.ts
FN:49,evaluateProgram
FN:76,evaluateLetDeclaration
FN:90,createClosure
FN:99,evaluateBlock
FN:113,evaluateBlockStatement
FN:128,evaluateLetStatement
FN:142,evaluateExpr
FN:176,evaluateIdentifier
FN:187,evaluateConstructorExpr
FN:201,evaluateCallExpr
FN:207,applyValue
FN:222,callClosure
FN:240,callNative
FN:259,literalToRuntime
FN:276,registerTypeConstructorsRuntime
FN:286,registerPreludeRuntime
FN:319,createConstructorValue
FN:331,createNativeFunction
FN:345,dummyTypeArg
FN:353,bindIntBinaryNative
FN:369,bindOrderingRuntime
FN:375,bindOrderingConstructor
FN:382,createOrderingValue
FN:386,bindCmpIntNative
FN:407,bindPrintNative
FN:424,evaluateRecursiveBindings
FN:453,evaluateMatchExpr
FN:473,evaluateMatchFunction
FN:499,matchPattern
FN:521,matchLiteralPattern
FN:536,matchTuplePattern
FN:559,matchConstructorPattern
FN:589,mergeBindings
FN:602,isIntValue
FN:606,isBoolValue
FN:610,assertUnreachable
FN:614,expectInt
FNDA:5,evaluateProgram
FNDA:6,evaluateLetDeclaration
FNDA:2,createClosure
FNDA:16,evaluateBlock
FNDA:2,evaluateBlockStatement
FNDA:0,evaluateLetStatement
FNDA:73,evaluateExpr
FNDA:34,evaluateIdentifier
FNDA:0,evaluateConstructorExpr
FNDA:18,evaluateCallExpr
FNDA:18,applyValue
FNDA:6,callClosure
FNDA:11,callNative
FNDA:9,literalToRuntime
FNDA:0,registerTypeConstructorsRuntime
FNDA:5,registerPreludeRuntime
FNDA:10,createConstructorValue
FNDA:35,createNativeFunction
FNDA:10,dummyTypeArg
FNDA:20,bindIntBinaryNative
FNDA:5,bindOrderingRuntime
FNDA:15,bindOrderingConstructor
FNDA:30,createOrderingValue
FNDA:5,bindCmpIntNative
FNDA:5,bindPrintNative
FNDA:1,evaluateRecursiveBindings
FNDA:6,evaluateMatchExpr
FNDA:0,evaluateMatchFunction
FNDA:11,matchPattern
FNDA:6,matchLiteralPattern
FNDA:0,matchTuplePattern
FNDA:0,matchConstructorPattern
FNDA:0,mergeBindings
FNDA:6,isIntValue
FNDA:0,isBoolValue
FNDA:0,assertUnreachable
FNDA:20,expectInt
FNF:37
FNH:28
BRDA:53,1,0,3
BRDA:54,1,1,1
BRDA:59,1,2,6
BRDA:60,1,3,0
BRDA:67,1,4,6
BRDA:77,2,0,1
BRDA:80,2,1,5
BRDA:82,2,2,4
BRDA:83,2,3,1
BRDA:102,4,0,2
BRDA:106,4,1,14
BRDA:108,4,2,2
BRDA:117,5,0,0
BRDA:123,5,1,0
BRDA:146,7,0,34
BRDA:148,7,1,9
BRDA:150,7,2,0
BRDA:152,7,3,0
BRDA:156,7,4,18
BRDA:158,7,5,0
BRDA:165,7,6,6
BRDA:167,7,7,6
BRDA:169,7,8,0
BRDA:171,7,9,0
BRDA:179,9,0,0
BRDA:208,13,0,17
BRDA:208,13,1,1
BRDA:213,13,2,6
BRDA:215,13,3,11
BRDA:217,13,4,0
BRDA:223,14,0,0
BRDA:242,15,0,0
BRDA:251,15,1,0
BRDA:263,16,0,8
BRDA:265,16,1,0
BRDA:267,16,2,1
BRDA:269,16,3,0
BRDA:271,16,4,0
BRDA:321,23,0,5
BRDA:358,27,0,0
BRDA:376,30,0,0
BRDA:387,32,0,0
BRDA:408,34,0,0
BRDA:416,35,0,0
BRDA:434,36,0,0
BRDA:460,37,0,11
BRDA:462,37,1,6
BRDA:464,37,2,0
BRDA:469,37,3,0
BRDA:503,39,0,5
BRDA:505,39,1,0
BRDA:510,39,2,6
BRDA:512,39,3,0
BRDA:514,39,4,0
BRDA:516,39,5,0
BRDA:524,40,0,1
BRDA:524,40,1,5
BRDA:525,40,2,0
BRDA:527,40,3,0
BRDA:529,40,4,0
BRDA:531,40,5,0
BRDA:615,47,0,0
BRF:62
BRH:29
DA:16,2
DA:19,2
DA:20,2
DA:21,2
DA:22,2
DA:23,2
DA:29,2
DA:30,2
DA:31,2
DA:49,2
DA:50,7
DA:51,7
DA:53,7
DA:54,10
DA:55,11
DA:56,11
DA:57,10
DA:59,7
DA:60,0
DA:61,0
DA:62,0
DA:63,13
DA:65,7
DA:67,7
DA:68,13
DA:69,13
DA:70,52
DA:71,13
DA:72,13
DA:73,28
DA:74,7
DA:76,8
DA:77,8
DA:78,36
DA:79,9
DA:80,9
DA:82,8
DA:83,8
DA:84,8
DA:86,8
DA:87,8
DA:88,8
DA:90,4
DA:91,4
DA:92,4
DA:93,4
DA:94,4
DA:95,4
DA:96,4
DA:97,4
DA:99,18
DA:100,18
DA:102,18
DA:103,20
DA:104,20
DA:106,18
DA:107,32
DA:108,32
DA:110,20
DA:111,18
DA:113,4
DA:114,4
DA:115,4
DA:116,4
DA:117,0
DA:118,0
DA:119,0
DA:120,4
DA:121,4
DA:122,4
DA:123,0
DA:124,0
DA:125,4
DA:126,4
DA:128,0
DA:129,0
DA:130,0
DA:131,0
DA:132,0
DA:133,0
DA:135,0
DA:136,0
DA:137,0
DA:139,0
DA:140,0
DA:142,75
DA:143,75
DA:144,75
DA:145,75
DA:146,75
DA:147,109
DA:148,75
DA:149,84
DA:150,0
DA:151,0
DA:152,0
DA:153,0
DA:154,0
DA:155,0
DA:156,75
DA:157,93
DA:158,0
DA:159,0
DA:160,0
DA:161,0
DA:162,0
DA:163,0
DA:164,0
DA:165,75
DA:166,81
DA:167,75
DA:168,81
DA:169,0
DA:170,0
DA:171,0
DA:172,0
DA:173,75
DA:174,75
DA:176,36
DA:177,36
DA:178,36
DA:179,0
DA:180,0
DA:181,0
DA:182,0
DA:183,0
DA:184,0
DA:185,36
DA:187,0
DA:188,0
DA:189,0
DA:190,0
DA:191,0
DA:192,0
DA:193,0
DA:194,0
DA:195,0
DA:196,0
DA:197,0
DA:198,0
DA:199,0
DA:201,20
DA:202,20
DA:203,20
DA:204,20
DA:205,20
DA:207,20
DA:208,20
DA:209,38
DA:210,38
DA:212,37
DA:213,20
DA:214,26
DA:215,20
DA:216,31
DA:217,0
DA:218,0
DA:219,20
DA:220,20
DA:222,8
DA:223,0
DA:224,0
DA:225,0
DA:226,0
DA:228,0
DA:230,8
DA:231,8
DA:232,8
DA:233,8
DA:234,8
DA:235,8
DA:237,8
DA:238,8
DA:240,13
DA:241,52
DA:242,0
DA:243,0
DA:244,0
DA:245,0
DA:247,0
DA:249,13
DA:250,13
DA:251,13
DA:253,0
DA:254,0
DA:255,0
DA:256,0
DA:257,13
DA:259,11
DA:260,11
DA:261,11
DA:262,11
DA:263,11
DA:264,76
DA:265,0
DA:266,0
DA:267,11
DA:268,48
DA:269,0
DA:270,0
DA:271,0
DA:272,0
DA:273,11
DA:274,11
DA:276,0
DA:277,0
DA:278,0
DA:279,0
DA:280,0
DA:281,0
DA:282,0
DA:283,0
DA:284,0
DA:286,7
DA:287,7
DA:288,7
DA:289,7
DA:290,7
DA:291,7
DA:292,28
DA:293,7
DA:294,7
DA:296,7
DA:297,7
DA:298,7
DA:299,7
DA:300,28
DA:301,28
DA:302,7
DA:303,7
DA:305,7
DA:306,7
DA:307,7
DA:308,0
DA:309,7
DA:310,7
DA:311,0
DA:312,0
DA:313,0
DA:314,0
DA:315,0
DA:316,0
DA:317,7
DA:319,12
DA:320,12
DA:321,12
DA:322,85
DA:323,17
DA:324,0
DA:325,0
DA:326,0
DA:327,0
DA:328,0
DA:329,12
DA:331,37
DA:332,37
DA:333,37
DA:334,37
DA:336,37
DA:337,37
DA:338,37
DA:339,37
DA:340,37
DA:341,37
DA:342,37
DA:343,37
DA:345,12
DA:346,12
DA:347,12
DA:348,12
DA:349,48
DA:350,12
DA:351,12
DA:353,22
DA:354,22
DA:355,22
DA:356,22
DA:358,0
DA:359,0
DA:360,0
DA:361,22
DA:362,32
DA:363,32
DA:364,128
DA:365,22
DA:366,22
DA:367,22
DA:369,7
DA:370,7
DA:371,7
DA:372,7
DA:373,7
DA:375,17
DA:376,0
DA:377,0
DA:378,0
DA:379,17
DA:380,17
DA:382,32
DA:383,160
DA:384,32
DA:386,7
DA:387,0
DA:388,0
DA:389,0
DA:390,7
DA:391,7
DA:392,7
DA:393,0
DA:394,0
DA:395,0
DA:396,0
DA:397,0
DA:398,0
DA:399,0
DA:400,0
DA:401,0
DA:402,0
DA:403,0
DA:404,7
DA:405,7
DA:407,7
DA:408,0
DA:409,0
DA:410,0
DA:411,7
DA:412,8
DA:413,8
DA:414,8
DA:415,8
DA:416,0
DA:417,0
DA:418,0
DA:419,8
DA:420,7
DA:421,7
DA:422,7
DA:424,3
DA:425,3
DA:427,3
DA:428,3
DA:429,3
DA:431,3
DA:433,3
DA:434,0
DA:435,0
DA:436,0
DA:437,0
DA:439,0
DA:441,3
DA:442,3
DA:443,3
DA:444,3
DA:446,3
DA:447,3
DA:448,3
DA:450,3
DA:451,3
DA:453,8
DA:454,8
DA:455,8
DA:456,8
DA:457,8
DA:459,8
DA:460,8
DA:461,19
DA:462,19
DA:463,25
DA:464,0
DA:465,0
DA:466,0
DA:467,25
DA:468,25
DA:469,19
DA:470,0
DA:471,8
DA:473,0
DA:474,0
DA:475,0
DA:476,0
DA:477,0
DA:479,0
DA:480,0
DA:481,0
DA:483,0
DA:484,0
DA:485,0
DA:486,0
DA:487,0
DA:488,0
DA:489,0
DA:490,0
DA:491,0
DA:492,0
DA:493,0
DA:494,0
DA:495,0
DA:496,0
DA:497,0
DA:499,13
DA:500,13
DA:501,13
DA:502,13
DA:503,13
DA:504,18
DA:505,0
DA:506,0
DA:507,0
DA:508,0
DA:509,0
DA:510,13
DA:511,19
DA:512,0
DA:513,0
DA:514,0
DA:515,0
DA:516,0
DA:517,0
DA:518,13
DA:519,13
DA:521,8
DA:522,8
DA:523,8
DA:524,8
DA:525,0
DA:526,0
DA:527,0
DA:528,0
DA:529,0
DA:530,0
DA:531,0
DA:532,0
DA:533,8
DA:534,8
DA:536,0
DA:537,0
DA:538,0
DA:539,0
DA:540,0
DA:542,0
DA:543,0
DA:544,0
DA:545,0
DA:546,0
DA:547,0
DA:548,0
DA:549,0
DA:550,0
DA:551,0
DA:552,0
DA:553,0
DA:554,0
DA:555,0
DA:556,0
DA:557,0
DA:559,0
DA:560,0
DA:561,0
DA:562,0
DA:563,0
DA:565,0
DA:566,0
DA:567,0
DA:568,0
DA:570,0
DA:571,0
DA:572,0
DA:574,0
DA:575,0
DA:576,0
DA:578,0
DA:579,0
DA:580,0
DA:581,0
DA:582,0
DA:583,0
DA:584,0
DA:585,0
DA:586,0
DA:587,0
DA:589,0
DA:590,0
DA:591,0
DA:592,0
DA:594,0
DA:595,0
DA:596,0
DA:597,0
DA:598,0
DA:599,0
DA:600,0
DA:602,8
DA:603,8
DA:604,8
DA:606,0
DA:607,0
DA:608,0
DA:610,0
DA:611,0
DA:612,0
DA:614,22
DA:615,0
DA:616,0
DA:617,0
DA:618,22
DA:619,22
LH:265
LF:506
end_of_record
SF:C:\GIT\workman\src\infer.ts
FN:35,InferError
FN:41,cloneTypeEnv
FN:49,cloneAdtEnv
FN:76,withScopedEnv
FN:86,inferProgram
FN:122,registerTypeDeclaration
FN:159,buildConstructorInfo
FN:190,registerPrelude
FN:197,varA
FN:198,listOfA
FN:265,registerCmpIntPrimitive
FN:281,registerIntBinaryPrimitive
FN:297,registerPrintPrimitive
FN:315,inferLetDeclaration
FN:373,convertTypeExpr
FN:487,makeDataConstructor
FN:495,inferLetBinding
FN:536,inferBlockExpr
FN:551,inferBlockStatement
FN:572,inferExpr
FN:626,inferArrowFunction
FN:653,inferMatchExpression
FN:658,inferMatchFunction
FN:671,inferMatchBranches
FN:719,expectFunctionType
FN:727,unify
FN:732,applyCurrentSubst
FN:736,lookupEnv
FN:744,instantiateAndApply
FN:749,literalType
FN:764,mergeBindings
FN:785,inferPattern
FN:863,ensureExhaustive
FN:895,generalizeInContext
FN:904,unifyTypes
FN:949,bindVar
FNDA:21,InferError
FNDA:3,cloneTypeEnv
FNDA:3,cloneAdtEnv
FNDA:296,withScopedEnv
FNDA:57,inferProgram
FNDA:29,registerTypeDeclaration
FNDA:50,buildConstructorInfo
FNDA:57,registerPrelude
FNDA:228,varA
FNDA:171,listOfA
FNDA:57,registerCmpIntPrimitive
FNDA:228,registerIntBinaryPrimitive
FNDA:57,registerPrintPrimitive
FNDA:67,inferLetDeclaration
FNDA:60,convertTypeExpr
FNDA:50,makeDataConstructor
FNDA:75,inferLetBinding
FNDA:148,inferBlockExpr
FNDA:7,inferBlockStatement
FNDA:346,inferExpr
FNDA:4,inferArrowFunction
FNDA:43,inferMatchExpression
FNDA:0,inferMatchFunction
FNDA:43,inferMatchBranches
FNDA:66,expectFunctionType
FNDA:159,unify
FNDA:1008,applyCurrentSubst
FNDA:195,lookupEnv
FNDA:191,instantiateAndApply
FNDA:66,literalType
FNDA:59,mergeBindings
FNDA:131,inferPattern
FNDA:36,ensureExhaustive
FNDA:55,generalizeInContext
FNDA:255,unifyTypes
FNDA:163,bindVar
FNF:36
FNH:35
BRDA:43,2,0,1
BRDA:51,3,0,0
BRDA:90,5,0,3
BRDA:90,5,1,54
BRDA:91,5,2,3
BRDA:91,5,3,54
BRDA:99,5,4,97
BRDA:100,5,5,29
BRDA:103,5,6,56
BRDA:105,5,7,95
BRDA:106,5,8,67
BRDA:108,5,9,58
BRDA:108,5,10,50
BRDA:110,5,11,47
BRDA:112,5,12,54
BRDA:112,5,13,36
BRDA:115,5,14,482
BRDA:117,5,15,36
BRDA:123,6,0,0
BRDA:145,6,1,50
BRDA:146,6,2,0
BRDA:154,6,3,28
BRDA:134,9,0,0
BRDA:175,14,0,0
BRDA:193,16,0,0
BRDA:252,16,1,171
BRDA:299,21,0,0
BRDA:317,22,0,55
BRDA:322,22,1,43
BRDA:322,22,2,12
BRDA:325,22,3,9
BRDA:329,22,4,62
BRDA:329,22,5,58
BRDA:329,22,6,43
BRDA:329,22,7,15
BRDA:334,22,8,12
BRDA:338,22,9,15
BRDA:341,22,10,42
BRDA:341,22,11,9
BRDA:344,22,12,12
BRDA:350,22,13,0
BRDA:354,22,14,42
BRDA:354,22,15,8
BRDA:358,22,16,11
BRDA:364,22,17,8
BRDA:380,23,0,0
BRDA:392,23,1,1
BRDA:393,23,2,0
BRDA:406,23,3,59
BRDA:408,23,4,44
BRDA:408,23,5,44
BRDA:410,23,6,58
BRDA:410,23,7,15
BRDA:412,23,8,5
BRDA:413,23,9,0
BRDA:417,23,10,2
BRDA:418,23,11,0
BRDA:422,23,12,0
BRDA:427,23,13,0
BRDA:432,23,14,58
BRDA:432,23,15,45
BRDA:432,23,16,8
BRDA:436,23,17,3
BRDA:437,23,18,0
BRDA:449,23,19,2
BRDA:453,23,20,1
BRDA:455,23,21,44
BRDA:455,23,22,5
BRDA:457,23,23,0
BRDA:459,23,24,42
BRDA:459,23,25,5
BRDA:461,23,26,1
BRDA:465,23,27,4
BRDA:474,23,28,0
BRDA:480,23,29,0
BRDA:482,23,30,0
BRDA:503,29,0,7
BRDA:503,29,1,53
BRDA:516,30,0,4
BRDA:520,30,1,73
BRDA:520,30,2,56
BRDA:524,30,3,62
BRDA:524,30,4,15
BRDA:526,30,5,41
BRDA:538,34,0,7
BRDA:542,34,1,146
BRDA:545,34,2,2
BRDA:553,35,0,5
BRDA:563,35,1,2
BRDA:567,35,2,0
BRDA:574,36,0,124
BRDA:578,36,1,50
BRDA:580,36,2,20
BRDA:584,36,3,15
BRDA:591,36,4,3
BRDA:593,36,5,17
BRDA:596,36,6,2
BRDA:603,36,7,34
BRDA:605,36,8,31
BRDA:605,36,9,33
BRDA:610,36,10,29
BRDA:613,36,11,4
BRDA:615,36,12,69
BRDA:617,36,13,43
BRDA:619,36,14,0
BRDA:621,36,15,0
BRDA:641,40,0,0
BRDA:629,41,0,0
BRDA:681,46,0,72
BRDA:684,46,1,10
BRDA:686,46,2,59
BRDA:686,46,3,41
BRDA:688,46,4,23
BRDA:691,46,5,18
BRDA:691,46,6,8
BRDA:692,46,7,5
BRDA:692,46,8,3
BRDA:693,46,9,69
BRDA:702,46,10,38
BRDA:704,46,11,27
BRDA:708,46,12,36
BRDA:712,46,13,42
BRDA:712,46,14,0
BRDA:714,46,15,32
BRDA:696,47,0,32
BRDA:721,48,0,0
BRDA:738,51,0,4
BRDA:740,51,1,191
BRDA:751,53,0,33
BRDA:753,53,1,32
BRDA:755,53,2,0
BRDA:757,53,3,1
BRDA:759,53,4,0
BRDA:765,54,0,41
BRDA:766,54,1,1
BRDA:768,54,2,40
BRDA:770,54,3,58
BRDA:787,55,0,25
BRDA:791,55,1,35
BRDA:797,55,2,16
BRDA:804,55,3,8
BRDA:805,55,4,8
BRDA:809,55,5,4
BRDA:817,55,6,0
BRDA:820,55,7,0
BRDA:824,55,8,8
BRDA:836,55,9,51
BRDA:841,55,10,51
BRDA:846,55,11,49
BRDA:849,55,12,1
BRDA:851,55,13,48
BRDA:858,55,14,0
BRDA:870,57,0,35
BRDA:870,57,1,6
BRDA:870,57,2,30
BRDA:872,57,3,5
BRDA:874,57,4,0
BRDA:875,57,5,2
BRDA:876,57,6,2
BRDA:878,57,7,3
BRDA:880,57,8,33
BRDA:880,57,9,25
BRDA:881,57,10,3
BRDA:883,57,11,22
BRDA:885,57,12,0
BRDA:885,57,13,22
BRDA:886,57,14,0
BRDA:890,57,15,2
BRDA:898,60,0,692
BRDA:908,61,0,136
BRDA:910,61,1,254
BRDA:910,61,2,119
BRDA:911,61,3,252
BRDA:911,61,4,27
BRDA:913,61,5,92
BRDA:915,61,6,30
BRDA:915,61,7,254
BRDA:915,61,8,29
BRDA:918,61,9,251
BRDA:918,61,10,63
BRDA:920,61,11,35
BRDA:920,61,12,251
BRDA:920,61,13,35
BRDA:921,61,14,0
BRDA:925,61,15,40
BRDA:929,61,16,28
BRDA:931,61,17,0
BRDA:931,61,18,251
BRDA:931,61,19,0
BRDA:940,61,20,236
BRDA:940,61,21,28
BRDA:942,61,22,24
BRDA:944,61,23,4
BRDA:951,62,0,44
BRDA:951,62,1,11
BRDA:953,62,2,152
BRDA:954,62,3,2
BRDA:956,62,4,150
BRF:198
BRH:161
DA:15,6
DA:22,6
DA:23,6
DA:24,6
DA:25,6
DA:26,6
DA:27,6
DA:28,6
DA:29,6
DA:30,6
DA:31,6
DA:32,6
DA:34,6
DA:35,6
DA:36,27
DA:37,27
DA:38,27
DA:39,6
DA:41,9
DA:42,9
DA:43,9
DA:44,10
DA:45,10
DA:46,9
DA:47,9
DA:49,9
DA:50,9
DA:51,0
DA:52,0
DA:53,0
DA:54,9
DA:55,9
DA:76,302
DA:77,302
DA:78,302
DA:79,302
DA:80,302
DA:81,302
DA:82,302
DA:83,302
DA:84,302
DA:86,6
DA:87,63
DA:88,63
DA:89,63
DA:90,63
DA:91,63
DA:92,315
DA:93,63
DA:95,63
DA:96,63
DA:97,63
DA:99,63
DA:100,160
DA:101,189
DA:102,189
DA:103,160
DA:105,63
DA:106,158
DA:107,225
DA:108,225
DA:109,1332
DA:110,333
DA:111,330
DA:112,158
DA:114,153
DA:115,117
DA:116,599
DA:117,599
DA:119,765
DA:120,63
DA:122,35
DA:123,0
DA:124,0
DA:125,0
DA:127,35
DA:128,35
DA:129,35
DA:130,74
DA:131,35
DA:133,0
DA:134,0
DA:135,0
DA:137,35
DA:138,35
DA:139,35
DA:140,35
DA:141,35
DA:142,35
DA:144,35
DA:145,35
DA:146,0
DA:147,0
DA:148,0
DA:150,0
DA:151,85
DA:152,85
DA:153,85
DA:154,85
DA:156,63
DA:157,35
DA:159,56
DA:160,56
DA:161,56
DA:162,56
DA:163,56
DA:164,56
DA:166,56
DA:167,211
DA:168,56
DA:169,98
DA:170,98
DA:171,98
DA:172,56
DA:174,0
DA:175,0
DA:176,0
DA:178,56
DA:179,56
DA:180,56
DA:181,56
DA:183,56
DA:184,56
DA:185,56
DA:186,56
DA:187,56
DA:188,56
DA:190,63
DA:191,63
DA:192,63
DA:193,0
DA:194,0
DA:195,0
DA:196,63
DA:197,708
DA:198,1062
DA:200,63
DA:201,189
DA:202,63
DA:203,63
DA:205,63
DA:206,189
DA:207,63
DA:208,63
DA:209,63
DA:210,63
DA:211,63
DA:212,63
DA:213,63
DA:214,63
DA:215,63
DA:216,63
DA:218,63
DA:219,315
DA:220,315
DA:221,63
DA:223,63
DA:224,63
DA:225,189
DA:226,63
DA:227,63
DA:229,63
DA:230,63
DA:231,63
DA:233,63
DA:234,63
DA:235,63
DA:236,63
DA:237,63
DA:238,63
DA:240,63
DA:241,504
DA:242,504
DA:243,504
DA:244,63
DA:246,63
DA:247,63
DA:248,63
DA:249,63
DA:250,63
DA:252,63
DA:253,234
DA:254,234
DA:255,63
DA:257,63
DA:258,63
DA:259,63
DA:260,63
DA:261,63
DA:262,63
DA:263,63
DA:265,63
DA:266,63
DA:267,63
DA:268,63
DA:269,63
DA:270,189
DA:271,63
DA:272,63
DA:273,189
DA:274,315
DA:275,63
DA:276,63
DA:277,63
DA:278,63
DA:279,63
DA:281,234
DA:282,234
DA:283,234
DA:284,234
DA:285,234
DA:286,702
DA:287,234
DA:288,234
DA:289,702
DA:290,702
DA:291,234
DA:292,234
DA:293,234
DA:294,234
DA:295,234
DA:297,63
DA:298,63
DA:299,0
DA:300,0
DA:301,0
DA:303,63
DA:304,189
DA:305,63
DA:306,63
DA:307,63
DA:308,189
DA:309,63
DA:310,63
DA:312,63
DA:313,63
DA:315,73
DA:317,73
DA:318,128
DA:319,128
DA:320,128
DA:321,768
DA:322,128
DA:325,445
DA:328,73
DA:329,73
DA:330,251
DA:331,251
DA:333,1004
DA:334,251
DA:337,248
DA:338,236
DA:339,251
DA:340,251
DA:341,251
DA:344,235
DA:345,247
DA:346,247
DA:347,247
DA:350,0
DA:351,0
DA:352,0
DA:353,0
DA:354,247
DA:357,185
DA:358,177
DA:359,188
DA:360,188
DA:361,188
DA:362,188
DA:363,752
DA:364,188
DA:366,185
DA:367,73
DA:373,66
DA:374,66
DA:375,66
DA:376,66
DA:377,198
DA:379,66
DA:380,0
DA:381,0
DA:382,0
DA:383,0
DA:384,0
DA:385,0
DA:386,0
DA:387,0
DA:388,0
DA:389,0
DA:390,0
DA:391,0
DA:392,133
DA:393,0
DA:394,0
DA:395,0
DA:396,67
DA:397,67
DA:398,68
DA:399,68
DA:400,68
DA:401,68
DA:402,68
DA:403,68
DA:404,67
DA:405,67
DA:406,191
DA:407,125
DA:408,125
DA:409,169
DA:410,169
DA:411,198
DA:412,183
DA:413,0
DA:414,0
DA:415,0
DA:416,564
DA:417,125
DA:418,0
DA:419,0
DA:420,0
DA:421,381
DA:422,0
DA:423,0
DA:424,0
DA:425,0
DA:426,0
DA:427,0
DA:428,0
DA:429,0
DA:430,0
DA:431,0
DA:432,125
DA:434,236
DA:436,228
DA:437,0
DA:438,0
DA:439,0
DA:440,0
DA:442,0
DA:443,0
DA:444,0
DA:445,0
DA:446,0
DA:447,0
DA:448,0
DA:449,231
DA:450,233
DA:451,233
DA:452,233
DA:453,233
DA:454,232
DA:455,232
DA:457,0
DA:458,0
DA:459,0
DA:461,269
DA:462,270
DA:463,270
DA:465,270
DA:467,231
DA:468,231
DA:469,231
DA:470,231
DA:471,231
DA:472,231
DA:473,231
DA:474,0
DA:475,0
DA:476,0
DA:477,0
DA:478,0
DA:479,0
DA:480,0
DA:481,0
DA:482,0
DA:483,0
DA:484,66
DA:485,66
DA:487,56
DA:488,56
DA:489,56
DA:490,56
DA:491,56
DA:492,56
DA:493,56
DA:495,81
DA:496,81
DA:497,81
DA:498,81
DA:499,81
DA:501,81
DA:502,81
DA:503,81
DA:506,81
DA:507,156
DA:508,216
DA:509,216
DA:510,216
DA:511,216
DA:512,156
DA:514,156
DA:516,156
DA:517,160
DA:518,160
DA:519,160
DA:520,160
DA:522,285
DA:524,229
DA:525,306
DA:526,306
DA:528,332
DA:529,378
DA:530,378
DA:531,378
DA:532,332
DA:533,81
DA:534,81
DA:536,154
DA:537,154
DA:538,302
DA:539,309
DA:540,309
DA:542,302
DA:543,448
DA:544,448
DA:545,448
DA:547,912
DA:548,154
DA:549,154
DA:551,13
DA:552,13
DA:553,31
DA:554,18
DA:555,18
DA:556,18
DA:557,18
DA:559,18
DA:560,18
DA:561,18
DA:562,18
DA:563,28
DA:564,15
DA:565,15
DA:566,15
DA:567,0
DA:568,0
DA:569,13
DA:570,13
DA:572,352
DA:573,352
DA:574,828
DA:575,476
DA:576,476
DA:577,476
DA:578,352
DA:579,402
DA:580,724
DA:581,372
DA:582,372
DA:583,372
DA:584,372
DA:585,387
DA:586,387
DA:587,387
DA:588,387
DA:589,387
DA:590,372
DA:591,372
DA:592,375
DA:593,375
DA:594,389
DA:595,389
DA:596,706
DA:597,354
DA:598,354
DA:599,354
DA:600,354
DA:601,354
DA:602,354
DA:603,738
DA:604,386
DA:605,386
DA:606,450
DA:607,450
DA:608,2250
DA:609,450
DA:610,450
DA:611,446
DA:612,446
DA:613,352
DA:614,356
DA:615,352
DA:616,421
DA:617,352
DA:618,395
DA:619,0
DA:620,0
DA:621,0
DA:622,0
DA:623,352
DA:624,352
DA:626,10
DA:627,10
DA:628,0
DA:629,0
DA:632,14
DA:633,18
DA:634,18
DA:635,18
DA:636,18
DA:637,14
DA:639,14
DA:641,0
DA:642,0
DA:643,0
DA:645,14
DA:646,18
DA:647,18
DA:648,18
DA:649,14
DA:650,10
DA:651,10
DA:653,49
DA:654,49
DA:655,49
DA:656,49
DA:658,0
DA:659,0
DA:660,0
DA:661,0
DA:662,0
DA:663,0
DA:664,0
DA:665,0
DA:666,0
DA:667,0
DA:668,0
DA:669,0
DA:671,49
DA:672,49
DA:673,49
DA:674,49
DA:676,49
DA:677,49
DA:678,49
DA:679,49
DA:681,49
DA:682,121
DA:683,121
DA:684,121
DA:685,131
DA:686,121
DA:687,221
DA:688,221
DA:689,221
DA:690,221
DA:691,180
DA:692,206
DA:693,206
DA:695,190
DA:696,259
DA:697,1164
DA:698,291
DA:699,259
DA:700,190
DA:702,121
DA:703,159
DA:704,121
DA:705,148
DA:706,148
DA:707,148
DA:708,121
DA:710,85
DA:712,0
DA:713,0
DA:714,0
DA:716,123
DA:717,49
DA:719,72
DA:720,72
DA:721,0
DA:722,0
DA:723,0
DA:724,72
DA:725,72
DA:727,6
DA:728,165
DA:729,165
DA:730,165
DA:732,1014
DA:733,1014
DA:734,1014
DA:736,201
DA:737,201
DA:738,201
DA:739,205
DA:740,205
DA:741,392
DA:742,201
DA:744,197
DA:745,197
DA:746,197
DA:747,197
DA:749,72
DA:750,72
DA:751,72
DA:752,315
DA:753,72
DA:754,312
DA:755,0
DA:756,0
DA:757,72
DA:758,219
DA:759,0
DA:760,0
DA:761,72
DA:762,72
DA:764,65
DA:765,65
DA:766,106
DA:767,107
DA:768,107
DA:769,146
DA:770,146
DA:771,65
DA:785,137
DA:786,137
DA:787,299
DA:788,162
DA:789,1134
DA:790,162
DA:791,309
DA:792,172
DA:793,172
DA:794,172
DA:795,1204
DA:796,172
DA:797,290
DA:798,153
DA:799,153
DA:800,153
DA:801,153
DA:802,153
DA:803,153
DA:804,153
DA:805,628
DA:806,475
DA:807,153
DA:808,153
DA:809,278
DA:810,141
DA:811,141
DA:812,141
DA:813,141
DA:814,141
DA:815,141
DA:816,141
DA:817,0
DA:818,0
DA:819,0
DA:820,0
DA:821,0
DA:822,0
DA:823,141
DA:824,141
DA:825,149
DA:826,149
DA:827,149
DA:828,149
DA:829,149
DA:830,141
DA:831,141
DA:832,141
DA:833,423
DA:834,141
DA:835,141
DA:836,325
DA:837,188
DA:838,188
DA:839,188
DA:840,188
DA:841,188
DA:842,239
DA:843,239
DA:844,239
DA:845,239
DA:846,239
DA:847,237
DA:848,237
DA:849,188
DA:850,189
DA:851,189
DA:852,236
DA:853,236
DA:854,236
DA:855,1180
DA:856,236
DA:857,236
DA:858,0
DA:859,0
DA:860,137
DA:861,137
DA:863,42
DA:864,42
DA:865,42
DA:866,42
DA:867,42
DA:868,42
DA:870,42
DA:871,107
DA:872,77
DA:873,82
DA:874,0
DA:875,82
DA:876,82
DA:877,84
DA:878,84
DA:879,85
DA:880,85
DA:881,75
DA:882,78
DA:883,78
DA:884,97
DA:885,0
DA:886,0
DA:887,42
DA:888,42
DA:889,42
DA:890,42
DA:891,44
DA:892,44
DA:893,42
DA:895,61
DA:896,61
DA:897,61
DA:898,61
DA:899,753
DA:900,753
DA:901,61
DA:902,61
DA:904,261
DA:905,261
DA:906,261
DA:908,261
DA:909,397
DA:910,397
DA:911,515
DA:912,794
DA:913,794
DA:915,261
DA:916,544
DA:917,544
DA:918,544
DA:920,261
DA:921,0
DA:922,0
DA:923,0
DA:924,547
DA:925,547
DA:926,587
DA:927,587
DA:928,547
DA:929,547
DA:931,0
DA:932,0
DA:933,0
DA:934,0
DA:935,0
DA:936,0
DA:937,0
DA:938,0
DA:939,0
DA:940,0
DA:942,748
DA:943,772
DA:944,772
DA:946,516
DA:947,261
DA:949,169
DA:950,169
DA:951,169
DA:952,180
DA:953,180
DA:954,169
DA:955,171
DA:956,171
DA:957,319
DA:958,319
DA:959,319
DA:960,169
LH:653
LF:791
end_of_record
SF:C:\GIT\workman\src\lexer.ts
FN:3,lex
FN:88,matchSymbol
FN:98,isWhitespace
FN:102,isDigit
FN:106,isAlpha
FN:110,isAlphaNumeric
FN:114,isUppercase
FN:118,readStringLiteral
FNDA:62,lex
FNDA:1331,matchSymbol
FNDA:5192,isWhitespace
FNDA:2969,isDigit
FNDA:4665,isAlpha
FNDA:2571,isAlphaNumeric
FNDA:548,isUppercase
FNDA:5,readStringLiteral
FNF:8
FNH:8
BRDA:8,1,0,5192
BRDA:12,1,1,3029
BRDA:15,1,2,2163
BRDA:17,1,3,0
BRDA:17,1,4,0
BRDA:23,1,5,2163
BRDA:25,1,6,38
BRDA:28,1,7,42
BRDA:28,1,8,4
BRDA:33,1,9,2125
BRDA:35,1,10,5
BRDA:40,1,11,2120
BRDA:42,1,12,26
BRDA:46,1,13,2094
BRDA:48,1,14,763
BRDA:51,1,15,2571
BRDA:51,1,16,1808
BRDA:55,1,17,742
BRDA:55,1,18,33
BRDA:58,1,19,730
BRDA:59,1,20,182
BRDA:62,1,21,548
BRDA:63,1,22,257
BRDA:63,1,23,291
BRDA:66,1,24,1331
BRDA:68,1,25,0
BRDA:68,1,26,0
BRDA:72,1,27,1331
BRDA:79,1,28,0
BRDA:89,2,0,10772
BRDA:91,2,1,1331
BRDA:94,2,2,0
BRDA:99,3,0,2548
BRDA:99,3,1,2548
BRDA:99,3,2,2163
BRDA:103,4,0,1856
BRDA:107,5,0,2658
BRDA:107,5,1,2381
BRDA:107,5,2,660
BRDA:111,6,0,764
BRDA:111,6,1,763
BRDA:123,8,0,26
BRDA:125,8,1,5
BRDA:127,8,2,21
BRDA:128,8,3,0
BRDA:155,8,4,21
BRDA:156,8,5,0
BRDA:158,8,6,21
BRDA:161,8,7,0
BRF:49
BRH:40
DA:1,7
DA:3,7
DA:4,69
DA:5,69
DA:6,69
DA:8,69
DA:9,5261
DA:10,5261
DA:12,5261
DA:13,8290
DA:14,8290
DA:15,8290
DA:17,0
DA:18,0
DA:19,0
DA:20,0
DA:21,0
DA:22,0
DA:23,0
DA:25,5261
DA:26,5299
DA:27,5299
DA:28,5299
DA:29,5303
DA:30,5303
DA:31,31794
DA:32,5299
DA:33,5299
DA:35,5261
DA:36,5266
DA:37,31596
DA:38,5266
DA:39,5266
DA:40,5266
DA:42,5261
DA:43,31722
DA:44,5287
DA:45,5287
DA:46,5287
DA:48,5261
DA:49,6024
DA:50,6024
DA:51,6024
DA:52,7832
DA:53,7832
DA:54,6024
DA:55,6024
DA:56,36342
DA:57,6057
DA:58,6057
DA:59,6024
DA:60,37236
DA:61,6206
DA:62,6206
DA:63,6024
DA:64,36144
DA:65,6024
DA:66,6024
DA:68,0
DA:69,0
DA:70,0
DA:71,0
DA:72,0
DA:74,6592
DA:75,6592
DA:76,39552
DA:77,6592
DA:78,6592
DA:79,6592
DA:81,0
DA:82,0
DA:84,414
DA:85,69
DA:86,69
DA:88,1338
DA:89,1338
DA:90,12110
DA:91,12110
DA:92,53764
DA:93,13441
DA:94,12110
DA:95,0
DA:96,1338
DA:98,5199
DA:99,5199
DA:100,5199
DA:102,2976
DA:103,2976
DA:104,2976
DA:106,4672
DA:107,4672
DA:108,4672
DA:110,2578
DA:111,2578
DA:112,2578
DA:114,555
DA:115,555
DA:116,555
DA:118,12
DA:119,12
DA:120,12
DA:121,12
DA:123,12
DA:124,38
DA:125,38
DA:126,172
DA:127,43
DA:128,0
DA:129,0
DA:130,0
DA:131,0
DA:132,0
DA:133,0
DA:134,0
DA:135,0
DA:136,0
DA:137,0
DA:138,0
DA:139,0
DA:140,0
DA:141,0
DA:142,0
DA:143,0
DA:144,0
DA:145,0
DA:146,0
DA:147,0
DA:148,0
DA:149,0
DA:150,0
DA:151,0
DA:152,0
DA:153,0
DA:154,0
DA:155,0
DA:156,0
DA:157,0
DA:158,0
DA:159,59
DA:160,59
DA:161,59
DA:163,0
DA:164,12
LH:96
LF:143
end_of_record
SF:C:\GIT\workman\src\module_loader.ts
FN:68,ModuleLoaderError
FN:74,loadModuleGraph
FN:92,runEntryPath
FN:183,onPrint
FN:238,normalizeOptions
FN:245,resolveEntryPath
FN:250,visitModule
FN:286,loadProgram
FN:314,resolveImports
FN:330,parseImportSpecifier
FN:341,collectExports
FN:371,forEachLetBinding
FN:380,resolveModuleSpecifier
FN:403,ensureWmExtension
FN:410,existsSync
FN:422,applyImports
FNDA:2,ModuleLoaderError
FNDA:3,loadModuleGraph
FNDA:3,runEntryPath
FNDA:1,onPrint
FNDA:3,normalizeOptions
FNDA:3,resolveEntryPath
FNDA:7,visitModule
FNDA:6,loadProgram
FNDA:6,resolveImports
FNDA:4,parseImportSpecifier
FNDA:6,collectExports
FNDA:6,forEachLetBinding
FNDA:4,resolveModuleSpecifier
FNDA:7,ensureWmExtension
FNDA:0,existsSync
FNDA:2,applyImports
FNF:16
FNH:15
BRDA:84,2,0,2
BRDA:97,3,0,2
BRDA:101,3,1,4
BRDA:103,3,2,0
BRDA:111,3,3,2
BRDA:113,3,4,0
BRDA:117,3,5,3
BRDA:127,3,6,0
BRDA:132,3,7,3
BRDA:137,3,8,0
BRDA:142,3,9,3
BRDA:148,3,10,0
BRDA:149,3,11,0
BRDA:152,3,12,0
BRDA:156,3,13,3
BRDA:158,3,14,0
BRDA:178,3,15,3
BRDA:197,3,16,0
BRDA:199,3,17,3
BRDA:212,3,18,1
BRDA:216,3,19,0
BRDA:218,3,20,1
BRDA:221,5,0,0
BRDA:229,6,0,0
BRDA:239,7,0,0
BRDA:239,7,1,0
BRDA:246,9,0,0
BRDA:252,10,0,1
BRDA:255,10,1,6
BRDA:256,10,2,0
BRDA:258,10,3,6
BRDA:275,10,4,4
BRDA:276,10,5,2
BRDA:277,10,6,4
BRDA:281,10,7,6
BRDA:288,11,0,0
BRDA:294,11,1,0
BRDA:304,11,2,0
BRDA:316,12,0,4
BRDA:331,14,0,0
BRDA:359,15,0,0
BRDA:359,15,1,0
BRDA:351,16,0,0
BRDA:373,17,0,0
BRDA:381,18,0,0
BRDA:384,18,1,0
BRDA:404,19,0,4
BRDA:406,19,1,3
BRDA:432,21,0,1
BRDA:432,21,1,1
BRDA:439,21,2,0
BRDA:446,21,3,0
BRDA:452,21,4,1
BRDA:454,21,5,0
BRDA:467,21,6,1
BRF:55
BRH:26
DA:1,1
DA:2,1
DA:3,1
DA:6,1
DA:7,1
DA:8,1
DA:10,1
DA:11,1
DA:12,1
DA:67,1
DA:68,1
DA:69,3
DA:70,3
DA:71,3
DA:72,1
DA:74,1
DA:75,4
DA:76,4
DA:77,4
DA:78,4
DA:79,4
DA:80,4
DA:81,4
DA:82,4
DA:83,4
DA:84,4
DA:85,6
DA:86,6
DA:87,6
DA:88,6
DA:89,6
DA:90,4
DA:92,1
DA:97,4
DA:98,6
DA:99,6
DA:101,4
DA:102,8
DA:103,0
DA:104,0
DA:105,0
DA:107,8
DA:108,8
DA:109,8
DA:111,8
DA:112,10
DA:113,0
DA:114,0
DA:115,0
DA:116,10
DA:117,10
DA:119,11
DA:120,11
DA:121,11
DA:122,11
DA:123,11
DA:124,11
DA:125,11
DA:126,11
DA:127,0
DA:128,0
DA:129,0
DA:130,0
DA:131,0
DA:132,0
DA:134,11
DA:135,11
DA:136,11
DA:137,0
DA:138,0
DA:139,0
DA:140,11
DA:141,11
DA:142,11
DA:144,11
DA:145,11
DA:147,11
DA:148,0
DA:149,0
DA:150,0
DA:151,0
DA:152,0
DA:153,0
DA:154,0
DA:155,11
DA:156,11
DA:158,0
DA:159,0
DA:160,0
DA:161,0
DA:162,0
DA:163,0
DA:164,0
DA:165,0
DA:166,0
DA:167,0
DA:168,0
DA:169,0
DA:170,0
DA:171,0
DA:172,0
DA:173,0
DA:174,0
DA:175,0
DA:176,0
DA:177,0
DA:178,0
DA:180,11
DA:181,11
DA:182,11
DA:183,11
DA:184,12
DA:185,12
DA:186,11
DA:188,11
DA:189,11
DA:190,11
DA:191,11
DA:192,11
DA:193,11
DA:195,11
DA:196,11
DA:197,0
DA:198,11
DA:199,11
DA:201,11
DA:202,11
DA:203,11
DA:204,11
DA:205,11
DA:206,11
DA:207,11
DA:208,11
DA:209,11
DA:210,11
DA:211,11
DA:212,11
DA:214,5
DA:215,5
DA:216,0
DA:217,0
DA:218,0
DA:219,5
DA:220,6
DA:221,0
DA:222,0
DA:223,0
DA:224,24
DA:225,5
DA:227,5
DA:228,6
DA:229,0
DA:230,0
DA:231,0
DA:232,24
DA:233,5
DA:235,25
DA:236,4
DA:238,4
DA:239,0
DA:240,0
DA:241,0
DA:242,16
DA:243,4
DA:245,4
DA:246,0
DA:247,4
DA:248,4
DA:250,8
DA:251,8
DA:252,8
DA:253,36
DA:254,9
DA:255,9
DA:256,0
DA:257,0
DA:258,0
DA:260,14
DA:261,14
DA:262,14
DA:263,14
DA:264,14
DA:265,14
DA:267,14
DA:268,14
DA:269,14
DA:270,14
DA:271,14
DA:272,14
DA:273,14
DA:275,8
DA:276,12
DA:277,14
DA:279,12
DA:280,12
DA:281,8
DA:282,14
DA:283,14
DA:284,8
DA:286,7
DA:287,7
DA:288,0
DA:289,0
DA:290,0
DA:291,7
DA:292,7
DA:293,7
DA:294,0
DA:295,0
DA:296,0
DA:297,0
DA:298,0
DA:299,0
DA:300,7
DA:301,7
DA:302,7
DA:303,7
DA:304,0
DA:305,0
DA:306,0
DA:307,0
DA:308,0
DA:309,0
DA:310,7
DA:311,7
DA:312,7
DA:314,7
DA:315,7
DA:316,7
DA:317,11
DA:318,11
DA:319,11
DA:320,11
DA:321,11
DA:322,11
DA:323,11
DA:324,11
DA:325,11
DA:326,11
DA:327,7
DA:328,7
DA:330,5
DA:331,0
DA:332,0
DA:333,0
DA:334,5
DA:335,5
DA:336,5
DA:337,5
DA:338,5
DA:339,5
DA:341,7
DA:342,7
DA:343,7
DA:344,7
DA:345,7
DA:347,7
DA:348,7
DA:349,7
DA:350,13
DA:351,0
DA:352,0
DA:353,0
DA:354,13
DA:355,13
DA:356,13
DA:357,7
DA:358,7
DA:359,0
DA:360,0
DA:361,0
DA:362,0
DA:363,0
DA:364,0
DA:365,0
DA:366,7
DA:368,28
DA:369,7
DA:371,7
DA:372,7
DA:373,0
DA:374,0
DA:375,0
DA:376,0
DA:377,0
DA:378,7
DA:380,5
DA:381,0
DA:382,5
DA:383,5
DA:384,5
DA:386,0
DA:387,0
DA:388,0
DA:390,0
DA:391,0
DA:392,0
DA:393,0
DA:394,0
DA:395,0
DA:396,0
DA:397,0
DA:398,0
DA:400,0
DA:401,5
DA:403,8
DA:404,8
DA:405,12
DA:406,12
DA:407,11
DA:408,8
DA:410,0
DA:411,0
DA:412,0
DA:413,0
DA:414,0
DA:415,0
DA:416,0
DA:417,0
DA:418,0
DA:419,0
DA:420,0
DA:422,3
DA:423,3
DA:424,3
DA:425,3
DA:426,3
DA:427,3
DA:429,3
DA:430,3
DA:431,3
DA:432,3
DA:433,4
DA:434,4
DA:436,4
DA:438,4
DA:439,0
DA:440,0
DA:441,0
DA:443,0
DA:444,4
DA:445,4
DA:446,0
DA:447,0
DA:448,0
DA:450,0
DA:451,4
DA:452,4
DA:454,0
DA:455,0
DA:456,0
DA:457,0
DA:459,0
DA:460,0
DA:461,0
DA:462,0
DA:464,0
DA:465,0
DA:466,0
DA:467,3
DA:468,3
LH:224
LF:361
end_of_record
SF:C:\GIT\workman\src\parser.ts
FN:23,<instance_members_initializer>
FN:24,ParseError
FN:30,parseSurfaceProgram
FN:35,<instance_members_initializer>
FN:38,SurfaceParser
FN:40,parseProgram
FN:62,parseImportDeclaration
FN:78,parseImportClause
FN:115,expectStringLiteral
FN:123,expectImportableName
FN:131,expectImportBindingName
FN:139,parseTopLevel
FN:158,parseLetDeclaration
FN:190,parseLetBinding
FN:277,matchKeyword
FN:286,parseParameterList
FN:309,parseBlockExpr
FN:344,parseTypeDeclaration
FN:367,parseTypeParameters
FN:379,parseTypeAliasMembers
FN:388,parseTypeAliasMember
FN:404,parseTypeArguments
FN:415,parseExpression
FN:419,parseMatchExpression
FN:459,parseArrowOrLower
FN:485,tryParseArrowParameters
FN:513,parseCallExpression
FN:543,parsePrimaryExpression
FN:590,parseParenExpression
FN:618,parseTypeExpr
FN:622,parseTypeArrow
FN:648,parseTypePrimary
FN:678,parseTypeTupleOrGrouping
FN:704,expectTypeParamName
FN:712,parsePattern
FN:784,parseMatchBlock
FN:816,createSpan
FN:820,spanFrom
FN:824,expectKeyword
FN:832,expectIdentifier
FN:840,expectTypeName
FN:848,expectSymbol
FN:856,matchSymbol
FN:865,checkSymbol
FN:870,checkKeyword
FN:875,consume
FN:884,peek
FN:895,previous
FN:899,isEOF
FN:903,error
FNDA:2,<instance_members_initializer>
FNDA:2,ParseError
FNDA:62,parseSurfaceProgram
FNDA:62,<instance_members_initializer>
FNDA:62,SurfaceParser
FNDA:62,parseProgram
FNDA:4,parseImportDeclaration
FNDA:4,parseImportClause
FNDA:4,expectStringLiteral
FNDA:4,expectImportableName
FNDA:0,expectImportBindingName
FNDA:102,parseTopLevel
FNDA:77,parseLetDeclaration
FNDA:80,parseLetBinding
FNDA:263,matchKeyword
FNDA:0,parseParameterList
FNDA:127,parseBlockExpr
FNDA:30,parseTypeDeclaration
FNDA:30,parseTypeParameters
FNDA:30,parseTypeAliasMembers
FNDA:52,parseTypeAliasMember
FNDA:39,parseTypeArguments
FNDA:383,parseExpression
FNDA:383,parseMatchExpression
FNDA:338,parseArrowOrLower
FNDA:51,tryParseArrowParameters
FNDA:289,parseCallExpression
FNDA:289,parsePrimaryExpression
FNDA:2,parseParenExpression
FNDA:63,parseTypeExpr
FNDA:63,parseTypeArrow
FNDA:62,parseTypePrimary
FNDA:0,parseTypeTupleOrGrouping
FNDA:40,expectTypeParamName
FNDA:137,parsePattern
FNDA:45,parseMatchBlock
FNDA:394,createSpan
FNDA:716,spanFrom
FNDA:160,expectKeyword
FNDA:118,expectIdentifier
FNDA:30,expectTypeName
FNDA:902,expectSymbol
FNDA:1406,matchSymbol
FNDA:472,checkSymbol
FNDA:238,checkKeyword
FNDA:2169,consume
FNDA:6324,peek
FNDA:105,previous
FNDA:2337,isEOF
FNDA:2,error
FNF:50
FNH:47
BRDA:44,6,0,106
BRDA:47,6,1,4
BRDA:49,6,2,102
BRDA:54,6,3,0
BRDA:67,7,0,0
BRDA:79,8,0,0
BRDA:98,8,1,0
BRDA:117,9,0,0
BRDA:125,10,0,0
BRDA:127,10,1,0
BRDA:140,12,0,6
BRDA:140,12,1,96
BRDA:144,12,2,72
BRDA:146,12,3,30
BRDA:148,12,4,0
BRDA:151,12,5,0
BRDA:166,13,0,3
BRDA:170,13,1,3
BRDA:174,13,2,6
BRDA:180,13,3,0
BRDA:192,14,0,4
BRDA:192,14,1,76
BRDA:197,14,2,30
BRDA:200,14,3,0
BRDA:225,14,4,50
BRDA:227,14,5,2
BRDA:228,14,6,0
BRDA:240,14,7,48
BRDA:242,14,8,45
BRDA:253,14,9,6
BRDA:253,14,10,3
BRDA:255,14,11,0
BRDA:257,14,12,3
BRDA:279,15,0,118
BRDA:279,15,1,22
BRDA:282,15,2,241
BRDA:314,17,0,132
BRDA:315,17,1,5
BRDA:324,17,2,127
BRDA:327,17,3,3
BRDA:334,17,4,124
BRDA:347,18,0,0
BRDA:358,18,1,0
BRDA:370,19,0,40
BRDA:382,20,0,22
BRDA:392,21,0,34
BRDA:392,21,1,18
BRDA:397,21,2,34
BRDA:397,21,3,18
BRDA:399,21,4,0
BRDA:407,22,0,50
BRDA:421,24,0,45
BRDA:421,24,1,45
BRDA:428,24,2,0
BRDA:434,24,3,0
BRDA:438,24,4,0
BRDA:455,24,5,338
BRDA:461,25,0,129
BRDA:461,25,1,51
BRDA:466,25,2,2
BRDA:472,25,3,49
BRDA:478,25,4,31
BRDA:478,25,5,18
BRDA:481,25,6,289
BRDA:489,26,0,33
BRDA:490,26,1,38
BRDA:493,26,2,7
BRDA:493,26,3,31
BRDA:494,26,4,7
BRDA:506,26,5,0
BRDA:509,26,6,49
BRDA:515,27,0,48
BRDA:518,27,1,44
BRDA:519,27,2,51
BRDA:525,27,3,13
BRDA:531,27,4,35
BRDA:546,28,0,134
BRDA:550,28,1,20
BRDA:554,28,2,29
BRDA:562,28,3,1
BRDA:570,28,4,25
BRDA:578,28,5,80
BRDA:579,28,6,2
BRDA:581,28,7,78
BRDA:586,28,8,0
BRDA:600,29,0,0
BRDA:608,29,1,0
BRDA:625,31,0,1
BRDA:625,31,1,1
BRDA:642,31,2,0
BRDA:644,31,3,62
BRDA:650,32,0,0
BRDA:650,32,1,0
BRDA:654,32,2,0
BRDA:665,32,3,5
BRDA:665,32,4,57
BRDA:666,32,5,5
BRDA:666,32,6,57
BRDA:673,32,7,0
BRDA:708,34,0,0
BRDA:714,35,0,30
BRDA:714,35,1,26
BRDA:717,35,2,111
BRDA:719,35,3,37
BRDA:722,35,4,74
BRDA:724,35,5,135
BRDA:724,35,6,9
BRDA:732,35,7,65
BRDA:734,35,8,8
BRDA:742,35,9,133
BRDA:742,35,10,101
BRDA:742,35,11,57
BRDA:744,35,12,53
BRDA:747,35,13,37
BRDA:749,35,14,53
BRDA:755,35,15,37
BRDA:755,35,16,16
BRDA:762,35,17,4
BRDA:764,35,18,82
BRDA:764,35,19,4
BRDA:774,35,20,0
BRDA:779,35,21,0
BRDA:789,36,0,76
BRDA:796,36,1,0
BRDA:803,36,2,31
BRDA:803,36,3,45
BRDA:810,36,4,0
BRDA:826,39,0,0
BRDA:834,40,0,0
BRDA:844,41,0,0
BRDA:850,42,0,2
BRDA:852,42,1,900
BRDA:858,43,0,432
BRDA:861,43,1,974
BRDA:867,44,0,54
BRDA:872,45,0,126
BRDA:876,46,0,0
BRDA:886,47,0,0
BRDA:889,47,1,10
BRDA:891,47,2,6314
BRF:140
BRH:102
DA:23,7
DA:24,16
DA:25,9
DA:26,9
DA:27,9
DA:28,7
DA:30,7
DA:31,69
DA:32,69
DA:33,69
DA:35,7
DA:36,76
DA:38,145
DA:40,7
DA:42,69
DA:43,69
DA:44,69
DA:45,175
DA:47,175
DA:48,179
DA:49,175
DA:50,277
DA:51,277
DA:52,175
DA:53,175
DA:54,175
DA:55,0
DA:56,0
DA:57,0
DA:58,175
DA:59,276
DA:60,69
DA:62,7
DA:63,11
DA:64,11
DA:65,11
DA:66,11
DA:67,0
DA:68,0
DA:69,0
DA:70,11
DA:71,11
DA:72,11
DA:73,11
DA:74,11
DA:75,11
DA:76,11
DA:78,7
DA:79,0
DA:80,0
DA:81,0
DA:82,0
DA:83,0
DA:84,0
DA:85,0
DA:86,0
DA:87,0
DA:88,0
DA:89,0
DA:91,11
DA:92,11
DA:93,11
DA:94,11
DA:95,11
DA:96,11
DA:97,11
DA:98,0
DA:99,0
DA:100,0
DA:101,0
DA:102,11
DA:103,11
DA:104,11
DA:105,11
DA:106,11
DA:107,11
DA:108,11
DA:109,11
DA:110,11
DA:111,11
DA:112,44
DA:113,11
DA:115,7
DA:116,11
DA:117,0
DA:118,0
DA:119,0
DA:120,11
DA:121,11
DA:123,7
DA:124,11
DA:125,0
DA:126,11
DA:127,11
DA:128,0
DA:129,0
DA:131,0
DA:132,0
DA:133,0
DA:134,0
DA:135,0
DA:136,0
DA:137,0
DA:139,7
DA:140,109
DA:141,109
DA:142,109
DA:143,109
DA:144,109
DA:145,181
DA:146,109
DA:147,139
DA:148,0
DA:149,0
DA:150,109
DA:151,109
DA:152,0
DA:153,0
DA:154,0
DA:155,0
DA:156,0
DA:158,7
DA:159,84
DA:160,84
DA:162,84
DA:165,84
DA:166,84
DA:167,87
DA:168,87
DA:169,87
DA:170,84
DA:171,87
DA:172,87
DA:174,84
DA:175,90
DA:176,90
DA:177,90
DA:178,90
DA:179,90
DA:180,0
DA:181,0
DA:182,0
DA:183,0
DA:184,0
DA:185,90
DA:187,84
DA:188,84
DA:190,7
DA:191,87
DA:192,87
DA:193,87
DA:194,87
DA:197,87
DA:198,117
DA:200,0
DA:201,0
DA:202,0
DA:203,117
DA:204,234
DA:205,117
DA:206,117
DA:207,117
DA:208,117
DA:209,234
DA:210,117
DA:211,117
DA:212,117
DA:213,117
DA:214,117
DA:215,117
DA:216,117
DA:217,117
DA:218,117
DA:219,117
DA:220,117
DA:221,117
DA:222,117
DA:223,117
DA:224,117
DA:225,117
DA:227,87
DA:228,0
DA:229,0
DA:230,0
DA:231,89
DA:232,89
DA:233,89
DA:234,89
DA:235,89
DA:236,89
DA:237,89
DA:238,89
DA:239,89
DA:240,89
DA:242,135
DA:243,180
DA:244,180
DA:245,180
DA:246,180
DA:247,180
DA:248,180
DA:249,180
DA:250,180
DA:251,180
DA:252,180
DA:253,180
DA:255,0
DA:256,0
DA:257,0
DA:259,96
DA:260,96
DA:261,96
DA:262,96
DA:263,96
DA:264,96
DA:266,96
DA:267,96
DA:268,96
DA:269,96
DA:270,96
DA:271,96
DA:272,96
DA:273,96
DA:274,96
DA:275,87
DA:277,7
DA:278,270
DA:279,270
DA:280,292
DA:281,292
DA:282,292
DA:283,511
DA:284,270
DA:286,0
DA:287,0
DA:288,0
DA:289,0
DA:290,0
DA:291,0
DA:292,0
DA:293,0
DA:294,0
DA:295,0
DA:296,0
DA:297,0
DA:298,0
DA:299,0
DA:300,0
DA:301,0
DA:302,0
DA:303,0
DA:304,0
DA:305,0
DA:306,0
DA:307,0
DA:309,7
DA:310,134
DA:311,134
DA:312,134
DA:314,134
DA:315,266
DA:316,271
DA:317,271
DA:318,271
DA:319,271
DA:320,271
DA:321,271
DA:322,271
DA:323,271
DA:324,271
DA:326,393
DA:327,266
DA:328,269
DA:329,269
DA:330,269
DA:331,269
DA:332,269
DA:333,269
DA:334,269
DA:335,390
DA:336,390
DA:337,390
DA:339,134
DA:340,134
DA:341,804
DA:342,134
DA:344,7
DA:345,37
DA:346,37
DA:347,0
DA:348,37
DA:349,37
DA:350,37
DA:351,37
DA:352,37
DA:353,37
DA:354,37
DA:355,37
DA:356,37
DA:357,37
DA:358,0
DA:359,0
DA:360,0
DA:361,0
DA:362,0
DA:363,0
DA:364,37
DA:365,37
DA:367,7
DA:368,37
DA:369,37
DA:370,37
DA:371,77
DA:372,308
DA:373,37
DA:374,37
DA:375,37
DA:376,37
DA:377,37
DA:379,7
DA:380,37
DA:381,37
DA:382,37
DA:383,59
DA:384,59
DA:385,37
DA:386,37
DA:388,7
DA:389,59
DA:390,59
DA:391,59
DA:392,59
DA:393,59
DA:394,59
DA:395,59
DA:396,59
DA:397,59
DA:398,59
DA:399,59
DA:400,0
DA:401,0
DA:402,0
DA:404,7
DA:405,46
DA:406,46
DA:407,46
DA:408,96
DA:409,46
DA:410,46
DA:411,46
DA:412,46
DA:413,46
DA:415,7
DA:416,390
DA:417,390
DA:419,7
DA:420,390
DA:421,390
DA:422,435
DA:423,435
DA:425,435
DA:426,435
DA:427,435
DA:428,0
DA:429,0
DA:430,0
DA:431,435
DA:432,435
DA:434,0
DA:435,0
DA:436,0
DA:438,0
DA:439,0
DA:440,0
DA:441,0
DA:442,0
DA:443,0
DA:444,0
DA:445,0
DA:446,0
DA:448,435
DA:449,435
DA:450,435
DA:451,435
DA:452,435
DA:453,435
DA:454,435
DA:455,435
DA:456,728
DA:457,390
DA:459,7
DA:460,345
DA:461,345
DA:462,396
DA:463,396
DA:464,396
DA:465,396
DA:466,396
DA:468,398
DA:469,398
DA:472,396
DA:473,445
DA:474,445
DA:475,445
DA:476,445
DA:477,445
DA:478,445
DA:479,445
DA:480,445
DA:481,396
DA:482,634
DA:483,345
DA:485,7
DA:486,58
DA:487,58
DA:488,58
DA:489,58
DA:490,91
DA:491,129
DA:492,129
DA:493,129
DA:494,129
DA:495,136
DA:496,136
DA:497,129
DA:498,129
DA:499,129
DA:500,129
DA:501,129
DA:502,129
DA:503,91
DA:504,91
DA:505,58
DA:506,0
DA:507,0
DA:508,0
DA:509,0
DA:510,107
DA:511,58
DA:513,7
DA:514,296
DA:515,296
DA:516,344
DA:517,344
DA:518,344
DA:519,388
DA:520,439
DA:521,388
DA:522,388
DA:523,344
DA:525,344
DA:526,357
DA:527,357
DA:528,357
DA:529,357
DA:530,357
DA:531,344
DA:532,379
DA:533,379
DA:534,379
DA:535,379
DA:536,379
DA:537,379
DA:538,379
DA:539,344
DA:540,296
DA:541,296
DA:543,7
DA:544,296
DA:545,296
DA:546,726
DA:547,430
DA:548,2150
DA:549,430
DA:550,612
DA:551,316
DA:552,1896
DA:553,316
DA:554,621
DA:555,325
DA:556,325
DA:557,325
DA:558,1625
DA:559,325
DA:560,325
DA:561,325
DA:562,593
DA:563,297
DA:564,297
DA:565,297
DA:566,1485
DA:567,297
DA:568,297
DA:569,297
DA:570,617
DA:571,321
DA:572,321
DA:573,321
DA:574,1605
DA:575,321
DA:576,321
DA:577,321
DA:578,672
DA:579,376
DA:580,378
DA:581,378
DA:582,454
DA:583,454
DA:584,454
DA:585,376
DA:586,296
DA:587,0
DA:588,0
DA:590,7
DA:591,9
DA:592,9
DA:593,9
DA:594,9
DA:595,9
DA:596,9
DA:597,9
DA:598,9
DA:599,9
DA:600,0
DA:601,0
DA:602,0
DA:603,0
DA:604,0
DA:605,0
DA:606,0
DA:607,0
DA:608,0
DA:609,0
DA:610,0
DA:611,9
DA:612,9
DA:613,9
DA:614,9
DA:615,9
DA:616,9
DA:618,7
DA:619,70
DA:620,70
DA:622,7
DA:623,70
DA:624,70
DA:625,70
DA:626,71
DA:627,71
DA:628,71
DA:629,71
DA:630,71
DA:631,71
DA:632,71
DA:633,71
DA:634,71
DA:635,71
DA:636,71
DA:637,71
DA:638,71
DA:639,71
DA:640,71
DA:641,71
DA:642,71
DA:643,0
DA:644,0
DA:645,132
DA:646,70
DA:648,7
DA:649,69
DA:650,0
DA:651,0
DA:652,0
DA:654,0
DA:655,0
DA:656,0
DA:657,0
DA:658,0
DA:659,0
DA:660,0
DA:661,0
DA:663,69
DA:664,69
DA:665,69
DA:666,69
DA:667,69
DA:668,69
DA:669,69
DA:670,69
DA:671,69
DA:672,69
DA:673,69
DA:675,0
DA:676,0
DA:678,0
DA:679,0
DA:680,0
DA:681,0
DA:682,0
DA:683,0
DA:685,0
DA:686,0
DA:687,0
DA:688,0
DA:689,0
DA:690,0
DA:692,0
DA:693,0
DA:694,0
DA:695,0
DA:697,0
DA:698,0
DA:699,0
DA:700,0
DA:701,0
DA:702,0
DA:704,7
DA:705,47
DA:706,47
DA:707,47
DA:708,47
DA:709,0
DA:710,0
DA:712,7
DA:713,144
DA:714,144
DA:715,170
DA:716,680
DA:717,170
DA:719,144
DA:720,181
DA:721,905
DA:722,181
DA:724,144
DA:725,288
DA:726,288
DA:727,288
DA:728,288
DA:729,288
DA:730,288
DA:731,1440
DA:732,288
DA:734,279
DA:735,287
DA:736,287
DA:737,287
DA:738,287
DA:739,287
DA:740,287
DA:741,1435
DA:742,287
DA:744,378
DA:745,431
DA:746,431
DA:747,431
DA:748,468
DA:749,468
DA:750,521
DA:751,468
DA:752,468
DA:753,468
DA:754,468
DA:755,431
DA:756,431
DA:757,431
DA:758,431
DA:759,431
DA:760,431
DA:761,431
DA:762,431
DA:764,144
DA:765,230
DA:766,230
DA:767,230
DA:768,230
DA:769,230
DA:770,230
DA:771,230
DA:772,230
DA:773,230
DA:774,0
DA:775,0
DA:776,0
DA:777,0
DA:778,1150
DA:779,230
DA:781,0
DA:782,0
DA:784,7
DA:785,52
DA:786,52
DA:788,52
DA:789,52
DA:790,128
DA:791,128
DA:792,128
DA:793,128
DA:796,0
DA:797,0
DA:798,0
DA:800,128
DA:801,128
DA:802,768
DA:803,128
DA:804,173
DA:805,173
DA:806,128
DA:807,52
DA:809,52
DA:810,0
DA:811,0
DA:812,0
DA:813,208
DA:814,52
DA:816,7
DA:817,1604
DA:818,401
DA:820,7
DA:821,2892
DA:822,723
DA:824,7
DA:825,167
DA:826,0
DA:827,0
DA:828,0
DA:829,167
DA:830,167
DA:832,7
DA:833,125
DA:834,0
DA:835,0
DA:836,0
DA:837,125
DA:838,125
DA:840,7
DA:841,37
DA:842,37
DA:843,37
DA:844,37
DA:845,0
DA:846,0
DA:848,7
DA:849,909
DA:850,909
DA:851,911
DA:852,911
DA:853,1809
DA:854,909
DA:856,7
DA:857,1413
DA:858,1413
DA:859,1845
DA:860,1845
DA:861,1845
DA:862,2387
DA:863,1413
DA:865,7
DA:866,479
DA:867,479
DA:868,479
DA:870,7
DA:871,245
DA:872,245
DA:873,245
DA:875,7
DA:876,0
DA:877,0
DA:878,0
DA:879,2176
DA:881,2176
DA:882,2176
DA:884,7
DA:885,6331
DA:886,0
DA:887,0
DA:888,0
DA:889,6331
DA:890,6341
DA:891,6341
DA:892,12645
DA:893,6331
DA:895,7
DA:896,112
DA:897,112
DA:899,7
DA:900,2344
DA:901,2344
DA:903,7
DA:904,9
DA:905,9
DA:906,7
LH:607
LF:791
end_of_record
SF:C:\GIT\workman\src\token.ts
FNF:0
FNH:0
BRF:0
BRH:0
DA:18,7
DA:19,7
DA:20,7
DA:21,7
DA:22,7
DA:23,7
DA:24,7
DA:25,7
DA:26,7
DA:27,7
DA:28,7
DA:30,7
DA:31,7
DA:32,7
DA:33,7
DA:34,7
DA:35,7
DA:36,7
DA:37,7
DA:38,7
DA:39,7
DA:40,7
DA:41,7
DA:42,7
DA:43,7
DA:44,7
DA:45,7
DA:46,7
DA:47,7
DA:48,7
LH:30
LF:30
end_of_record
SF:C:\GIT\workman\src\type_printer.ts
FN:10,formatScheme
FN:19,formatType
FN:53,ensureName
FN:64,nextName
FNDA:45,formatScheme
FNDA:199,formatType
FNDA:96,ensureName
FNDA:39,nextName
FNF:4
FNH:4
BRDA:13,1,0,29
BRDA:21,3,0,67
BRDA:23,3,1,46
BRDA:27,3,2,3
BRDA:27,3,3,43
BRDA:29,3,4,39
BRDA:30,3,5,0
BRDA:36,3,6,6
BRDA:40,3,7,1
BRDA:42,3,8,27
BRDA:44,3,9,13
BRDA:46,3,10,0
BRDA:48,3,11,0
BRDA:55,6,0,57
BRDA:57,6,1,39
BRDA:67,7,0,0
BRF:16
BRH:12
DA:8,36
DA:10,4
DA:11,196
DA:12,147
DA:13,49
DA:14,78
DA:15,78
DA:16,49
DA:17,49
DA:19,203
DA:20,203
DA:21,203
DA:22,270
DA:23,452
DA:24,249
DA:25,249
DA:26,249
DA:27,249
DA:28,249
DA:29,445
DA:30,0
DA:31,0
DA:32,0
DA:33,242
DA:34,242
DA:35,242
DA:36,412
DA:37,209
DA:38,209
DA:39,209
DA:40,203
DA:41,204
DA:42,203
DA:43,230
DA:44,203
DA:45,216
DA:46,0
DA:47,0
DA:48,0
DA:49,0
DA:50,203
DA:51,203
DA:53,100
DA:54,100
DA:55,100
DA:56,157
DA:57,157
DA:58,139
DA:59,139
DA:60,139
DA:61,139
DA:62,100
DA:64,43
DA:65,43
DA:66,43
DA:67,0
DA:68,43
LH:49
LF:57
end_of_record
SF:C:\GIT\workman\src\types.ts
FN:20,resetTypeVarCounter
FN:24,freshTypeVar
FN:28,applySubstitution
FN:57,applySubstitutionScheme
FN:70,composeSubstitution
FN:81,occursInType
FN:96,freeTypeVars
FN:115,freeTypeVarsScheme
FN:123,generalize
FN:137,instantiate
FN:161,cloneType
FN:197,cloneTypeScheme
FN:204,cloneConstructorInfo
FN:212,cloneTypeInfo
FN:220,unionSets
FN:228,unionMany
FNDA:57,resetTypeVarCounter
FNDA:365,freshTypeVar
FNDA:10060,applySubstitution
FNDA:1224,applySubstitutionScheme
FNDA:153,composeSubstitution
FNDA:276,occursInType
FNDA:2799,freeTypeVars
FNDA:692,freeTypeVarsScheme
FNDA:55,generalize
FNDA:191,instantiate
FNDA:8,cloneType
FNDA:8,cloneTypeScheme
FNDA:0,cloneConstructorInfo
FNDA:0,cloneTypeInfo
FNDA:853,unionSets
FNDA:525,unionMany
FNF:16
FNH:14
BRDA:30,3,0,3914
BRDA:32,3,1,3102
BRDA:32,3,2,812
BRDA:35,3,3,1974
BRDA:41,3,4,1837
BRDA:47,3,5,52
BRDA:52,3,6,2283
BRDA:59,6,0,4758
BRDA:72,7,0,377
BRDA:75,7,1,527
BRDA:83,8,0,128
BRDA:85,8,1,27
BRDA:86,8,2,25
BRDA:87,8,3,54
BRDA:89,8,4,4
BRDA:91,8,5,63
BRDA:98,11,0,517
BRDA:100,11,1,853
BRDA:102,11,2,518
BRDA:106,11,3,7
BRDA:110,11,4,904
BRDA:117,12,0,249
BRDA:125,13,0,692
BRDA:127,13,1,15
BRDA:139,14,0,97
BRDA:163,15,0,0
BRDA:165,15,1,0
BRDA:171,15,2,0
BRDA:177,15,3,0
BRDA:182,15,4,6
BRDA:184,15,5,2
BRDA:186,15,6,0
BRDA:188,15,7,0
BRDA:190,15,8,0
BRDA:222,19,0,250
BRDA:230,20,0,346
BRDA:231,20,1,326
BRF:37
BRH:30
DA:18,6
DA:20,6
DA:21,63
DA:22,63
DA:24,6
DA:25,1484
DA:26,371
DA:28,6
DA:29,10066
DA:30,24046
DA:31,13980
DA:32,13980
DA:33,14792
DA:34,14792
DA:35,10066
DA:36,12040
DA:37,12040
DA:38,12040
DA:39,12040
DA:40,12040
DA:41,10066
DA:42,11903
DA:43,11903
DA:44,11903
DA:45,11903
DA:46,11903
DA:47,10066
DA:48,10118
DA:49,10118
DA:50,10118
DA:51,10118
DA:52,10066
DA:53,12349
DA:54,10066
DA:55,10066
DA:57,6
DA:58,1230
DA:59,1230
DA:60,5988
DA:61,5988
DA:62,5988
DA:63,5988
DA:64,1230
DA:65,1230
DA:66,1230
DA:67,1230
DA:68,1230
DA:70,6
DA:71,159
DA:72,159
DA:73,536
DA:74,536
DA:75,159
DA:76,686
DA:77,686
DA:78,159
DA:79,159
DA:81,6
DA:82,282
DA:83,282
DA:84,410
DA:85,282
DA:86,309
DA:87,282
DA:88,336
DA:89,282
DA:90,286
DA:91,282
DA:92,345
DA:93,282
DA:94,282
DA:96,6
DA:97,2805
DA:98,2805
DA:99,9966
DA:100,2805
DA:101,3658
DA:102,6128
DA:103,3323
DA:104,3323
DA:105,3323
DA:106,5617
DA:107,2812
DA:108,2812
DA:109,2812
DA:110,2805
DA:111,3709
DA:112,2805
DA:113,2805
DA:115,6
DA:116,698
DA:117,698
DA:118,947
DA:119,947
DA:120,698
DA:121,698
DA:123,6
DA:124,61
DA:125,61
DA:126,753
DA:127,753
DA:128,768
DA:129,768
DA:130,753
DA:131,61
DA:132,183
DA:133,61
DA:134,61
DA:135,61
DA:137,6
DA:138,197
DA:139,197
DA:140,294
DA:141,294
DA:142,197
DA:143,197
DA:161,6
DA:162,14
DA:163,0
DA:164,0
DA:165,0
DA:166,0
DA:167,0
DA:168,0
DA:169,0
DA:170,0
DA:171,0
DA:172,0
DA:173,0
DA:174,0
DA:175,0
DA:176,0
DA:177,0
DA:178,0
DA:179,0
DA:180,0
DA:181,0
DA:182,14
DA:183,60
DA:184,14
DA:185,48
DA:186,0
DA:187,0
DA:188,0
DA:189,0
DA:190,0
DA:191,0
DA:192,0
DA:193,0
DA:194,14
DA:195,14
DA:197,6
DA:198,14
DA:199,42
DA:200,14
DA:201,14
DA:202,14
DA:204,0
DA:205,0
DA:206,0
DA:207,0
DA:208,0
DA:209,0
DA:210,0
DA:212,0
DA:213,0
DA:214,0
DA:215,0
DA:216,0
DA:217,0
DA:218,0
DA:220,859
DA:221,859
DA:222,859
DA:223,1109
DA:224,1109
DA:225,859
DA:226,859
DA:228,531
DA:229,531
DA:230,531
DA:231,877
DA:232,1203
DA:233,1203
DA:234,877
DA:235,531
DA:236,531
LH:146
LF:187
end_of_record
SF:C:\GIT\workman\src\value.ts
FN:63,createEnvironment
FN:70,bindValue
FN:74,updateValue
FN:85,lookupValue
FN:95,hasBinding
FN:105,<instance_members_initializer>
FN:106,RuntimeError
FNDA:34,createEnvironment
FNDA:70,bindValue
FNDA:0,updateValue
FNDA:143,lookupValue
FNDA:55,hasBinding
FNDA:0,<instance_members_initializer>
FNDA:0,RuntimeError
FNF:7
FNH:4
BRDA:86,4,0,141
BRDA:86,4,1,34
BRDA:88,4,2,109
BRDA:91,4,3,0
BRDA:96,5,0,0
BRDA:99,5,1,0
BRF:6
BRH:3
DA:63,2
DA:64,36
DA:65,36
DA:66,36
DA:67,36
DA:68,36
DA:70,2
DA:71,72
DA:72,72
DA:74,0
DA:75,0
DA:76,0
DA:77,0
DA:78,0
DA:79,0
DA:80,0
DA:81,0
DA:82,0
DA:83,0
DA:85,2
DA:86,145
DA:87,320
DA:88,320
DA:89,395
DA:90,395
DA:91,395
DA:92,0
DA:93,145
DA:95,2
DA:96,0
DA:97,0
DA:98,0
DA:99,0
DA:100,0
DA:101,0
DA:102,57
DA:103,57
DA:105,2
DA:106,0
DA:107,0
DA:108,0
DA:109,0
DA:110,2
DA:112,6
LH:23
LF:44
end_of_record
SF:C:\GIT\workman\src\value_printer.ts
FN:3,formatRuntimeValue
FN:26,formatTuple
FN:34,formatData
FNDA:2,formatRuntimeValue
FNDA:0,formatTuple
FNDA:0,formatData
FNF:3
FNH:1
BRDA:5,1,0,1
BRDA:7,1,1,0
BRDA:9,1,2,0
BRDA:11,1,3,1
BRDA:13,1,4,0
BRDA:15,1,5,0
BRDA:17,1,6,0
BRDA:19,1,7,0
BRDA:21,1,8,0
BRF:9
BRH:2
DA:3,2
DA:4,4
DA:5,4
DA:6,5
DA:7,0
DA:8,0
DA:9,0
DA:10,0
DA:11,4
DA:12,5
DA:13,0
DA:14,0
DA:15,0
DA:16,0
DA:17,0
DA:18,0
DA:19,0
DA:20,0
DA:21,0
DA:22,0
DA:23,4
DA:24,4
DA:26,0
DA:27,0
DA:28,0
DA:29,0
DA:30,0
DA:31,0
DA:32,0
DA:34,0
DA:35,0
DA:36,0
DA:37,0
DA:38,0
DA:39,0
DA:40,0
LH:8
LF:36
end_of_record
