SF:C:\Git\tinyhm\src\infer.ts
FN:35,InferError
FN:53,withScopedEnv
FN:63,inferProgram
FN:93,registerTypeDeclaration
FN:130,buildConstructorInfo
FN:161,registerPrelude
FN:168,varA
FN:169,listOfA
FN:205,inferLetDeclaration
FN:212,convertTypeExpr
FN:279,makeDataConstructor
FN:287,inferLetBinding
FN:321,inferBlockExpr
FN:336,inferBlockStatement
FN:356,inferExpr
FN:406,inferArrowFunction
FN:428,inferMatchExpression
FN:433,inferMatchFunction
FN:446,inferMatchBranches
FN:491,expectFunctionType
FN:499,unify
FN:504,applyCurrentSubst
FN:508,lookupEnv
FN:516,instantiateAndApply
FN:521,literalType
FN:534,mergeBindings
FN:554,inferPattern
FN:629,ensureExhaustive
FN:651,generalizeInContext
FN:660,unifyTypes
FN:705,bindVar
FNDA:3,InferError
FNDA:38,withScopedEnv
FNDA:9,inferProgram
FNDA:5,registerTypeDeclaration
FNDA:8,buildConstructorInfo
FNDA:9,registerPrelude
FNDA:36,varA
FNDA:27,listOfA
FNDA:12,inferLetDeclaration
FNDA:10,convertTypeExpr
FNDA:8,makeDataConstructor
FNDA:12,inferLetBinding
FNDA:19,inferBlockExpr
FNDA:0,inferBlockStatement
FNDA:43,inferExpr
FNDA:1,inferArrowFunction
FNDA:5,inferMatchExpression
FNDA:0,inferMatchFunction
FNDA:5,inferMatchBranches
FNDA:13,expectFunctionType
FNDA:18,unify
FNDA:124,applyCurrentSubst
FNDA:28,lookupEnv
FNDA:28,instantiateAndApply
FNDA:6,literalType
FNDA:7,mergeBindings
FNDA:14,inferPattern
FNDA:4,ensureExhaustive
FNDA:9,generalizeInContext
FNDA:28,unifyTypes
FNDA:17,bindVar
FNF:31
FNH:29
BRDA:72,3,0,17
BRDA:73,3,1,5
BRDA:78,3,2,17
BRDA:79,3,3,12
BRDA:83,3,4,6
BRDA:86,3,5,26
BRDA:88,3,6,6
BRDA:94,4,0,0
BRDA:116,4,1,8
BRDA:117,4,2,0
BRDA:105,7,0,0
BRDA:146,12,0,0
BRDA:164,14,0,0
BRDA:218,18,0,0
BRDA:227,18,1,0
BRDA:244,18,2,7
BRDA:246,18,3,3
BRDA:248,18,4,2
BRDA:250,18,5,1
BRDA:252,18,6,0
BRDA:255,18,7,0
BRDA:266,18,8,0
BRDA:272,18,9,0
BRDA:274,18,10,0
BRDA:294,24,0,2
BRDA:294,24,1,6
BRDA:307,25,0,1
BRDA:311,25,1,9
BRDA:323,29,0,0
BRDA:330,29,1,0
BRDA:358,31,0,14
BRDA:362,31,1,6
BRDA:364,31,2,7
BRDA:368,31,3,6
BRDA:376,31,4,0
BRDA:383,31,5,4
BRDA:385,31,6,3
BRDA:393,31,7,1
BRDA:395,31,8,6
BRDA:397,31,9,5
BRDA:399,31,10,0
BRDA:401,31,11,0
BRDA:409,36,0,0
BRDA:455,41,0,7
BRDA:458,41,1,0
BRDA:460,41,2,6
BRDA:462,41,3,4
BRDA:465,41,4,6
BRDA:474,41,5,4
BRDA:476,41,6,2
BRDA:480,41,7,4
BRDA:484,41,8,0
BRDA:486,41,9,3
BRDA:468,42,0,3
BRDA:493,43,0,0
BRDA:510,46,0,0
BRDA:523,48,0,3
BRDA:525,48,1,3
BRDA:527,48,2,0
BRDA:529,48,3,0
BRDA:535,49,0,5
BRDA:536,49,1,1
BRDA:538,49,2,4
BRDA:540,49,3,6
BRDA:556,50,0,2
BRDA:560,50,1,5
BRDA:566,50,2,0
BRDA:575,50,3,0
BRDA:602,50,4,7
BRDA:612,50,5,6
BRDA:615,50,6,0
BRDA:617,50,7,6
BRDA:624,50,8,0
BRDA:635,52,0,0
BRDA:637,52,1,0
BRDA:641,52,2,0
BRDA:642,52,3,0
BRDA:646,52,4,1
BRDA:654,55,0,28
BRDA:664,56,0,13
BRDA:666,56,1,15
BRDA:667,56,2,4
BRDA:669,56,3,11
BRDA:671,56,4,2
BRDA:671,56,5,2
BRDA:674,56,6,9
BRDA:676,56,7,6
BRDA:676,56,8,6
BRDA:677,56,9,0
BRDA:685,56,10,3
BRDA:687,56,11,0
BRDA:687,56,12,0
BRDA:696,56,13,3
BRDA:698,56,14,2
BRDA:700,56,15,1
BRDA:707,57,0,4
BRDA:707,57,1,0
BRDA:710,57,2,0
BRF:98
BRH:61
DA:17,1
DA:24,1
DA:25,1
DA:26,1
DA:27,1
DA:28,1
DA:29,1
DA:30,1
DA:31,1
DA:32,1
DA:34,1
DA:35,1
DA:36,4
DA:37,4
DA:38,4
DA:39,1
DA:53,39
DA:54,39
DA:55,39
DA:56,39
DA:57,39
DA:58,39
DA:59,39
DA:60,39
DA:61,39
DA:63,1
DA:64,10
DA:65,10
DA:66,10
DA:67,50
DA:68,10
DA:70,10
DA:72,10
DA:73,27
DA:74,32
DA:75,32
DA:76,27
DA:78,10
DA:79,27
DA:80,39
DA:81,156
DA:82,39
DA:83,27
DA:85,16
DA:86,10
DA:87,36
DA:88,36
DA:90,80
DA:91,10
DA:93,6
DA:94,0
DA:95,0
DA:96,0
DA:98,6
DA:99,6
DA:100,6
DA:101,13
DA:102,6
DA:104,0
DA:105,0
DA:106,0
DA:108,6
DA:109,6
DA:110,6
DA:111,6
DA:112,6
DA:113,6
DA:115,6
DA:116,6
DA:117,0
DA:118,0
DA:119,0
DA:121,0
DA:122,14
DA:123,14
DA:124,14
DA:125,14
DA:127,6
DA:128,6
DA:130,9
DA:131,9
DA:132,9
DA:133,9
DA:134,9
DA:135,9
DA:137,9
DA:138,9
DA:139,9
DA:140,16
DA:141,16
DA:142,16
DA:143,9
DA:145,0
DA:146,0
DA:147,0
DA:149,9
DA:150,9
DA:151,9
DA:152,9
DA:154,9
DA:155,9
DA:156,9
DA:157,9
DA:158,9
DA:159,9
DA:161,10
DA:162,10
DA:163,10
DA:164,0
DA:165,0
DA:166,0
DA:167,10
DA:168,112
DA:169,168
DA:171,10
DA:172,30
DA:173,10
DA:174,10
DA:176,10
DA:177,30
DA:178,10
DA:179,10
DA:180,10
DA:181,10
DA:182,10
DA:183,10
DA:184,10
DA:185,10
DA:186,10
DA:187,10
DA:189,10
DA:190,50
DA:191,50
DA:192,10
DA:194,10
DA:195,10
DA:196,30
DA:197,10
DA:198,10
DA:200,10
DA:201,10
DA:202,10
DA:203,10
DA:205,13
DA:206,13
DA:207,13
DA:208,13
DA:209,13
DA:210,13
DA:212,11
DA:213,11
DA:214,11
DA:215,11
DA:217,11
DA:218,0
DA:219,0
DA:220,0
DA:221,0
DA:222,0
DA:223,0
DA:224,0
DA:225,0
DA:226,0
DA:227,0
DA:228,0
DA:229,0
DA:230,0
DA:231,0
DA:232,0
DA:233,0
DA:234,0
DA:235,0
DA:236,0
DA:237,0
DA:238,0
DA:239,0
DA:240,0
DA:241,22
DA:242,11
DA:243,11
DA:244,11
DA:245,18
DA:246,18
DA:247,14
DA:248,11
DA:249,39
DA:250,11
DA:251,36
DA:252,0
DA:253,0
DA:254,11
DA:255,11
DA:256,0
DA:257,0
DA:258,0
DA:259,0
DA:260,0
DA:261,0
DA:262,0
DA:263,0
DA:264,0
DA:265,0
DA:266,0
DA:267,0
DA:268,0
DA:269,0
DA:270,0
DA:271,0
DA:272,0
DA:273,0
DA:274,0
DA:275,0
DA:276,11
DA:277,11
DA:279,9
DA:280,9
DA:281,9
DA:282,9
DA:283,9
DA:284,9
DA:285,9
DA:287,13
DA:288,13
DA:289,13
DA:290,13
DA:291,13
DA:293,13
DA:294,13
DA:297,13
DA:298,25
DA:299,33
DA:300,33
DA:301,33
DA:302,33
DA:303,25
DA:305,25
DA:307,25
DA:308,26
DA:309,26
DA:310,26
DA:311,26
DA:313,34
DA:314,39
DA:315,39
DA:316,39
DA:317,34
DA:318,13
DA:319,13
DA:321,20
DA:322,20
DA:323,0
DA:324,0
DA:325,0
DA:327,39
DA:328,39
DA:329,39
DA:330,39
DA:332,0
DA:333,0
DA:334,20
DA:336,0
DA:337,0
DA:338,0
DA:339,0
DA:340,0
DA:341,0
DA:342,0
DA:344,0
DA:345,0
DA:346,0
DA:347,0
DA:348,0
DA:349,0
DA:350,0
DA:351,0
DA:352,0
DA:353,0
DA:354,0
DA:356,44
DA:357,44
DA:358,102
DA:359,58
DA:360,58
DA:361,58
DA:362,44
DA:363,50
DA:364,95
DA:365,51
DA:366,51
DA:367,51
DA:368,51
DA:369,57
DA:370,57
DA:371,57
DA:372,57
DA:373,57
DA:374,51
DA:375,51
DA:376,0
DA:377,0
DA:378,0
DA:379,0
DA:380,0
DA:381,0
DA:382,0
DA:383,92
DA:384,48
DA:385,48
DA:386,51
DA:387,51
DA:388,255
DA:389,51
DA:390,51
DA:391,48
DA:392,48
DA:393,44
DA:394,45
DA:395,44
DA:396,50
DA:397,44
DA:398,49
DA:399,0
DA:400,0
DA:401,0
DA:402,0
DA:403,44
DA:404,44
DA:406,2
DA:407,2
DA:408,0
DA:409,0
DA:412,3
DA:413,4
DA:414,4
DA:415,4
DA:416,4
DA:417,3
DA:419,3
DA:420,3
DA:421,4
DA:422,4
DA:423,4
DA:424,3
DA:425,2
DA:426,2
DA:428,6
DA:429,6
DA:430,6
DA:431,6
DA:433,0
DA:434,0
DA:435,0
DA:436,0
DA:437,0
DA:438,0
DA:439,0
DA:440,0
DA:441,0
DA:442,0
DA:443,0
DA:444,0
DA:446,6
DA:447,6
DA:448,6
DA:449,6
DA:451,6
DA:452,6
DA:453,6
DA:455,6
DA:456,13
DA:457,13
DA:458,0
DA:459,0
DA:460,0
DA:461,19
DA:462,19
DA:463,19
DA:464,19
DA:465,19
DA:467,19
DA:468,25
DA:469,112
DA:470,28
DA:471,25
DA:472,19
DA:474,13
DA:475,17
DA:476,13
DA:477,15
DA:478,15
DA:479,15
DA:480,13
DA:482,10
DA:484,0
DA:485,0
DA:486,0
DA:488,9
DA:489,6
DA:491,14
DA:492,14
DA:493,0
DA:494,0
DA:495,0
DA:496,14
DA:497,14
DA:499,1
DA:500,19
DA:501,19
DA:502,19
DA:504,125
DA:505,125
DA:506,125
DA:508,29
DA:509,29
DA:510,0
DA:511,0
DA:512,0
DA:513,29
DA:514,29
DA:516,29
DA:517,29
DA:518,29
DA:519,29
DA:521,7
DA:522,7
DA:523,7
DA:524,30
DA:525,7
DA:526,30
DA:527,0
DA:528,0
DA:529,0
DA:530,0
DA:531,7
DA:532,7
DA:534,8
DA:535,8
DA:536,13
DA:537,14
DA:538,14
DA:539,17
DA:540,17
DA:541,8
DA:554,15
DA:555,15
DA:556,32
DA:557,17
DA:558,119
DA:559,17
DA:560,35
DA:561,20
DA:562,20
DA:563,20
DA:564,140
DA:565,20
DA:566,0
DA:567,0
DA:568,0
DA:569,0
DA:570,0
DA:571,0
DA:572,0
DA:573,0
DA:574,0
DA:575,0
DA:576,0
DA:577,0
DA:578,0
DA:579,0
DA:580,0
DA:581,0
DA:582,0
DA:583,0
DA:584,0
DA:585,0
DA:586,0
DA:587,0
DA:588,0
DA:589,0
DA:590,0
DA:591,0
DA:592,0
DA:593,0
DA:594,0
DA:595,0
DA:596,0
DA:597,0
DA:598,0
DA:599,0
DA:600,0
DA:601,0
DA:602,37
DA:603,22
DA:604,22
DA:605,22
DA:606,22
DA:607,22
DA:608,22
DA:609,22
DA:610,22
DA:611,22
DA:612,22
DA:613,28
DA:614,28
DA:615,0
DA:616,0
DA:617,0
DA:618,28
DA:619,28
DA:620,28
DA:621,140
DA:622,28
DA:623,28
DA:624,0
DA:625,0
DA:626,15
DA:627,15
DA:629,5
DA:630,5
DA:631,5
DA:632,5
DA:633,5
DA:635,0
DA:636,5
DA:637,0
DA:638,0
DA:639,0
DA:640,5
DA:641,0
DA:642,0
DA:643,5
DA:644,5
DA:645,5
DA:646,5
DA:647,6
DA:648,6
DA:649,5
DA:651,10
DA:652,10
DA:653,10
DA:654,10
DA:655,38
DA:656,38
DA:657,10
DA:658,10
DA:660,29
DA:661,29
DA:662,29
DA:664,29
DA:665,42
DA:666,42
DA:667,29
DA:668,33
DA:669,33
DA:671,29
DA:672,31
DA:673,31
DA:674,31
DA:676,29
DA:677,0
DA:678,0
DA:679,0
DA:680,35
DA:681,35
DA:682,35
DA:683,35
DA:684,35
DA:685,35
DA:687,0
DA:688,0
DA:689,0
DA:690,0
DA:691,0
DA:692,0
DA:693,0
DA:694,0
DA:695,0
DA:696,0
DA:698,29
DA:699,31
DA:700,31
DA:702,30
DA:703,29
DA:705,18
DA:706,18
DA:707,0
DA:708,0
DA:709,0
DA:710,0
DA:711,0
DA:712,0
DA:713,18
DA:714,18
DA:715,18
DA:716,18
LH:404
LF:595
end_of_record
SF:C:\Git\tinyhm\src\lexer.ts
FN:3,lex
FN:81,matchSymbol
FN:91,isWhitespace
FN:95,isDigit
FN:99,isAlpha
FN:103,isAlphaNumeric
FN:107,isUppercase
FNDA:11,lex
FNDA:230,matchSymbol
FNDA:903,isWhitespace
FNDA:491,isDigit
FNDA:765,isAlpha
FNDA:410,isAlphaNumeric
FNDA:97,isUppercase
FNF:7
FNH:7
BRDA:8,1,0,903
BRDA:12,1,1,542
BRDA:15,1,2,361
BRDA:17,1,3,0
BRDA:17,1,4,0
BRDA:23,1,5,361
BRDA:25,1,6,4
BRDA:28,1,7,5
BRDA:28,1,8,1
BRDA:33,1,9,357
BRDA:35,1,10,2
BRDA:39,1,11,355
BRDA:41,1,12,125
BRDA:44,1,13,410
BRDA:44,1,14,285
BRDA:48,1,15,123
BRDA:48,1,16,3
BRDA:51,1,17,122
BRDA:52,1,18,25
BRDA:55,1,19,97
BRDA:56,1,20,51
BRDA:56,1,21,46
BRDA:59,1,22,230
BRDA:61,1,23,0
BRDA:61,1,24,0
BRDA:65,1,25,230
BRDA:72,1,26,0
BRDA:82,2,0,1851
BRDA:84,2,1,230
BRDA:87,2,2,0
BRDA:92,3,0,432
BRDA:92,3,1,432
BRDA:92,3,2,361
BRDA:96,4,0,309
BRDA:100,5,0,418
BRDA:100,5,1,409
BRDA:100,5,2,116
BRDA:104,6,0,125
BRDA:104,6,1,125
BRF:39
BRH:33
DA:1,2
DA:3,2
DA:4,13
DA:5,13
DA:6,13
DA:8,13
DA:9,916
DA:10,916
DA:12,916
DA:13,1458
DA:14,1458
DA:15,1458
DA:17,0
DA:18,0
DA:19,0
DA:20,0
DA:21,0
DA:22,0
DA:23,0
DA:25,916
DA:26,920
DA:27,920
DA:28,920
DA:29,921
DA:30,921
DA:31,5520
DA:32,920
DA:33,920
DA:35,916
DA:36,5508
DA:37,918
DA:38,918
DA:39,918
DA:41,916
DA:42,1041
DA:43,1041
DA:44,1041
DA:45,1326
DA:46,1326
DA:47,1041
DA:48,1041
DA:49,6264
DA:50,1044
DA:51,1044
DA:52,1041
DA:53,6396
DA:54,1066
DA:55,1066
DA:56,1041
DA:57,6246
DA:58,1041
DA:59,1041
DA:61,0
DA:62,0
DA:63,0
DA:64,0
DA:65,0
DA:67,1146
DA:68,1146
DA:69,6876
DA:70,1146
DA:71,1146
DA:72,1146
DA:74,0
DA:75,0
DA:77,78
DA:78,13
DA:79,13
DA:81,232
DA:82,232
DA:83,2083
DA:84,2083
DA:85,9252
DA:86,2313
DA:87,2083
DA:88,0
DA:89,232
DA:91,905
DA:92,905
DA:93,905
DA:95,493
DA:96,493
DA:97,493
DA:99,767
DA:100,767
DA:101,767
DA:103,412
DA:104,412
DA:105,412
DA:107,99
DA:108,99
DA:109,99
LH:77
LF:92
end_of_record
SF:C:\Git\tinyhm\src\parser.ts
FN:18,<instance_members_initializer>
FN:19,ParseError
FN:25,parseSurfaceProgram
FN:30,<instance_members_initializer>
FN:33,SurfaceParser
FN:35,parseProgram
FN:46,parseTopLevel
FN:61,parseLetDeclaration
FN:112,parseParameterList
FN:135,parseBlockExpr
FN:170,parseTypeDeclaration
FN:186,parseTypeParameters
FN:198,parseTypeAliasMembers
FN:207,parseTypeAliasMember
FN:223,parseTypeArguments
FN:234,parseExpression
FN:238,parseMatchExpression
FN:278,parseArrowOrLower
FN:301,tryParseArrowParameters
FN:329,parseCallExpression
FN:359,parsePrimaryExpression
FN:398,parseParenExpression
FN:426,parseTypeExpr
FN:430,parseTypeArrow
FN:456,parseTypePrimary
FN:486,parseTypeTupleOrGrouping
FN:512,expectTypeParamName
FN:520,parsePattern
FN:592,parseMatchBlock
FN:624,createSpan
FN:628,spanFrom
FN:632,expectKeyword
FN:640,expectIdentifier
FN:648,expectTypeName
FN:656,expectSymbol
FN:664,matchSymbol
FN:673,checkSymbol
FN:678,checkKeyword
FN:683,consume
FN:690,peek
FN:701,previous
FN:705,isEOF
FN:709,error
FNDA:0,<instance_members_initializer>
FNDA:0,ParseError
FNDA:11,parseSurfaceProgram
FNDA:11,<instance_members_initializer>
FNDA:11,SurfaceParser
FNDA:11,parseProgram
FNDA:19,parseTopLevel
FNDA:13,parseLetDeclaration
FNDA:0,parseParameterList
FNDA:23,parseBlockExpr
FNDA:6,parseTypeDeclaration
FNDA:6,parseTypeParameters
FNDA:6,parseTypeAliasMembers
FNDA:10,parseTypeAliasMember
FNDA:6,parseTypeArguments
FNDA:60,parseExpression
FNDA:60,parseMatchExpression
FNDA:54,parseArrowOrLower
FNDA:14,tryParseArrowParameters
FNDA:40,parseCallExpression
FNDA:40,parsePrimaryExpression
FNDA:0,parseParenExpression
FNDA:11,parseTypeExpr
FNDA:11,parseTypeArrow
FNDA:11,parseTypePrimary
FNDA:0,parseTypeTupleOrGrouping
FNDA:8,expectTypeParamName
FNDA:17,parsePattern
FNDA:6,parseMatchBlock
FNDA:54,createSpan
FNDA:125,spanFrom
FNDA:25,expectKeyword
FNDA:23,expectIdentifier
FNDA:6,expectTypeName
FNDA:171,expectSymbol
FNDA:218,matchSymbol
FNDA:78,checkSymbol
FNDA:23,checkKeyword
FNDA:361,consume
FNDA:960,peek
FNDA:19,previous
FNDA:410,isEOF
FNDA:0,error
FNF:43
FNH:37
BRDA:37,6,0,19
BRDA:50,7,0,13
BRDA:52,7,1,6
BRDA:54,7,2,0
BRDA:57,7,3,0
BRDA:64,8,0,1
BRDA:64,8,1,12
BRDA:69,8,2,0
BRDA:98,8,3,0
BRDA:141,10,0,0
BRDA:153,10,1,0
BRDA:173,11,0,0
BRDA:189,12,0,8
BRDA:201,13,0,4
BRDA:211,14,0,6
BRDA:211,14,1,4
BRDA:216,14,2,6
BRDA:216,14,3,4
BRDA:218,14,4,0
BRDA:226,15,0,8
BRDA:240,17,0,6
BRDA:240,17,1,6
BRDA:247,17,2,0
BRDA:253,17,3,0
BRDA:257,17,4,0
BRDA:274,17,5,54
BRDA:280,18,0,23
BRDA:280,18,1,14
BRDA:290,18,2,9
BRDA:290,18,3,5
BRDA:293,18,4,0
BRDA:297,18,5,40
BRDA:305,19,0,9
BRDA:306,19,1,10
BRDA:309,19,2,2
BRDA:309,19,3,8
BRDA:310,19,4,2
BRDA:322,19,5,0
BRDA:331,20,0,8
BRDA:334,20,1,7
BRDA:335,20,2,9
BRDA:341,20,3,4
BRDA:362,21,0,17
BRDA:366,21,1,7
BRDA:370,21,2,4
BRDA:378,21,3,3
BRDA:386,21,4,9
BRDA:387,21,5,0
BRDA:394,21,6,0
BRDA:433,24,0,0
BRDA:433,24,1,0
BRDA:458,25,0,0
BRDA:458,25,1,0
BRDA:462,25,2,0
BRDA:473,25,3,0
BRDA:474,25,4,0
BRDA:481,25,5,0
BRDA:516,27,0,0
BRDA:522,28,0,2
BRDA:522,28,1,2
BRDA:525,28,2,15
BRDA:527,28,3,6
BRDA:530,28,4,9
BRDA:532,28,5,0
BRDA:540,28,6,9
BRDA:542,28,7,0
BRDA:550,28,8,9
BRDA:555,28,9,6
BRDA:557,28,10,8
BRDA:563,28,11,6
BRDA:563,28,12,3
BRDA:570,28,13,0
BRDA:572,28,14,0
BRDA:597,29,0,9
BRDA:604,29,1,0
BRDA:611,29,2,3
BRDA:611,29,3,6
BRDA:618,29,4,0
BRDA:634,32,0,0
BRDA:642,33,0,0
BRDA:652,34,0,0
BRDA:658,35,0,0
BRDA:666,36,0,59
BRDA:669,36,1,159
BRDA:675,37,0,8
BRDA:680,38,0,6
BRDA:684,39,0,0
BRDA:692,40,0,0
BRDA:695,40,1,0
BRF:89
BRH:52
DA:18,2
DA:19,0
DA:20,0
DA:21,0
DA:22,0
DA:23,2
DA:25,2
DA:26,13
DA:27,13
DA:28,13
DA:30,2
DA:31,15
DA:33,28
DA:35,2
DA:36,13
DA:37,13
DA:38,32
DA:39,32
DA:40,32
DA:41,32
DA:42,32
DA:43,39
DA:44,13
DA:46,2
DA:47,21
DA:48,21
DA:49,21
DA:50,21
DA:51,34
DA:52,21
DA:53,27
DA:54,0
DA:55,0
DA:56,21
DA:57,21
DA:58,0
DA:59,0
DA:61,2
DA:62,15
DA:63,15
DA:64,15
DA:65,15
DA:66,15
DA:69,0
DA:70,0
DA:72,0
DA:73,0
DA:74,0
DA:75,0
DA:76,0
DA:77,0
DA:78,0
DA:79,0
DA:80,0
DA:81,0
DA:82,0
DA:83,0
DA:84,0
DA:85,0
DA:86,0
DA:87,0
DA:88,0
DA:89,0
DA:90,0
DA:91,0
DA:92,0
DA:93,0
DA:94,0
DA:95,0
DA:96,0
DA:98,0
DA:99,0
DA:100,0
DA:101,15
DA:102,15
DA:103,15
DA:104,15
DA:105,15
DA:106,15
DA:107,15
DA:108,15
DA:109,15
DA:110,15
DA:112,0
DA:113,0
DA:114,0
DA:115,0
DA:116,0
DA:117,0
DA:118,0
DA:119,0
DA:120,0
DA:121,0
DA:122,0
DA:123,0
DA:124,0
DA:125,0
DA:126,0
DA:127,0
DA:128,0
DA:129,0
DA:130,0
DA:131,0
DA:132,0
DA:133,0
DA:135,2
DA:136,25
DA:137,25
DA:138,25
DA:140,25
DA:141,0
DA:142,0
DA:143,0
DA:144,0
DA:145,0
DA:146,0
DA:147,0
DA:148,0
DA:149,0
DA:150,0
DA:152,25
DA:153,0
DA:154,0
DA:155,0
DA:156,0
DA:157,0
DA:158,0
DA:159,0
DA:160,0
DA:161,25
DA:162,25
DA:163,25
DA:165,25
DA:166,25
DA:167,150
DA:168,25
DA:170,2
DA:171,8
DA:172,8
DA:173,0
DA:174,8
DA:175,8
DA:176,8
DA:177,8
DA:178,8
DA:179,8
DA:180,8
DA:181,8
DA:182,8
DA:183,8
DA:184,8
DA:186,2
DA:187,8
DA:188,8
DA:189,8
DA:190,16
DA:191,64
DA:192,8
DA:193,8
DA:194,8
DA:195,8
DA:196,8
DA:198,2
DA:199,8
DA:200,8
DA:201,8
DA:202,12
DA:203,12
DA:204,8
DA:205,8
DA:207,2
DA:208,12
DA:209,12
DA:210,12
DA:211,12
DA:212,12
DA:213,12
DA:214,12
DA:215,12
DA:216,12
DA:217,12
DA:218,12
DA:219,0
DA:220,0
DA:221,0
DA:223,2
DA:224,8
DA:225,8
DA:226,8
DA:227,16
DA:228,8
DA:229,8
DA:230,8
DA:231,8
DA:232,8
DA:234,2
DA:235,62
DA:236,62
DA:238,2
DA:239,62
DA:240,62
DA:241,68
DA:242,68
DA:244,68
DA:245,68
DA:246,68
DA:247,0
DA:248,0
DA:249,0
DA:250,68
DA:251,68
DA:253,0
DA:254,0
DA:255,0
DA:257,0
DA:258,0
DA:259,0
DA:260,0
DA:261,0
DA:262,0
DA:263,0
DA:264,0
DA:265,0
DA:267,68
DA:268,68
DA:269,68
DA:270,68
DA:271,68
DA:272,68
DA:273,68
DA:274,68
DA:275,116
DA:276,62
DA:278,2
DA:279,56
DA:280,56
DA:281,70
DA:282,70
DA:283,70
DA:284,70
DA:285,70
DA:286,70
DA:287,70
DA:288,70
DA:289,70
DA:290,70
DA:291,70
DA:292,70
DA:293,0
DA:294,0
DA:295,0
DA:296,0
DA:297,0
DA:298,96
DA:299,56
DA:301,2
DA:302,16
DA:303,16
DA:304,16
DA:305,16
DA:306,25
DA:307,35
DA:308,35
DA:309,35
DA:310,35
DA:311,37
DA:312,37
DA:313,35
DA:314,35
DA:315,35
DA:316,35
DA:317,35
DA:318,35
DA:319,25
DA:320,25
DA:321,16
DA:322,0
DA:323,0
DA:324,0
DA:325,0
DA:326,16
DA:327,16
DA:329,2
DA:330,42
DA:331,42
DA:332,50
DA:333,50
DA:334,50
DA:335,57
DA:336,66
DA:337,57
DA:338,57
DA:339,50
DA:341,50
DA:342,54
DA:343,54
DA:344,54
DA:345,54
DA:346,54
DA:347,54
DA:348,54
DA:349,54
DA:350,54
DA:351,54
DA:352,54
DA:353,54
DA:354,54
DA:355,50
DA:356,42
DA:357,42
DA:359,2
DA:360,42
DA:361,42
DA:362,101
DA:363,59
DA:364,295
DA:365,59
DA:366,91
DA:367,49
DA:368,294
DA:369,49
DA:370,88
DA:371,46
DA:372,46
DA:373,46
DA:374,230
DA:375,46
DA:376,46
DA:377,46
DA:378,87
DA:379,45
DA:380,45
DA:381,45
DA:382,225
DA:383,45
DA:384,45
DA:385,45
DA:386,93
DA:387,0
DA:388,0
DA:389,0
DA:390,51
DA:391,51
DA:392,51
DA:393,51
DA:394,42
DA:395,0
DA:396,0
DA:398,0
DA:399,0
DA:400,0
DA:401,0
DA:402,0
DA:403,0
DA:404,0
DA:405,0
DA:406,0
DA:407,0
DA:408,0
DA:409,0
DA:410,0
DA:411,0
DA:412,0
DA:413,0
DA:414,0
DA:415,0
DA:416,0
DA:417,0
DA:418,0
DA:419,0
DA:420,0
DA:421,0
DA:422,0
DA:423,0
DA:424,0
DA:426,2
DA:427,13
DA:428,13
DA:430,2
DA:431,13
DA:432,13
DA:433,0
DA:434,0
DA:435,0
DA:436,0
DA:437,0
DA:438,0
DA:439,0
DA:440,0
DA:441,0
DA:442,0
DA:443,0
DA:444,0
DA:445,0
DA:446,0
DA:447,0
DA:448,0
DA:449,0
DA:450,0
DA:451,0
DA:452,0
DA:453,13
DA:454,13
DA:456,2
DA:457,13
DA:458,0
DA:459,0
DA:460,0
DA:462,0
DA:463,0
DA:464,0
DA:465,0
DA:466,0
DA:467,0
DA:468,0
DA:469,0
DA:471,13
DA:472,13
DA:473,0
DA:474,0
DA:475,13
DA:476,13
DA:477,13
DA:478,13
DA:479,13
DA:480,13
DA:481,13
DA:483,0
DA:484,0
DA:486,0
DA:487,0
DA:488,0
DA:489,0
DA:490,0
DA:491,0
DA:493,0
DA:494,0
DA:495,0
DA:496,0
DA:497,0
DA:498,0
DA:500,0
DA:501,0
DA:502,0
DA:503,0
DA:505,0
DA:506,0
DA:507,0
DA:508,0
DA:509,0
DA:510,0
DA:512,2
DA:513,10
DA:514,10
DA:515,10
DA:516,10
DA:517,0
DA:518,0
DA:520,2
DA:521,19
DA:522,19
DA:523,21
DA:524,84
DA:525,21
DA:527,19
DA:528,25
DA:529,125
DA:530,25
DA:532,0
DA:533,0
DA:534,0
DA:535,0
DA:536,0
DA:537,0
DA:538,0
DA:539,0
DA:540,0
DA:542,0
DA:543,0
DA:544,0
DA:545,0
DA:546,0
DA:547,0
DA:548,0
DA:549,0
DA:550,0
DA:552,28
DA:553,28
DA:554,28
DA:555,28
DA:556,34
DA:557,34
DA:558,42
DA:559,34
DA:560,34
DA:561,34
DA:562,34
DA:563,28
DA:564,28
DA:565,28
DA:566,28
DA:567,28
DA:568,28
DA:569,28
DA:570,28
DA:572,0
DA:573,0
DA:574,0
DA:575,0
DA:576,0
DA:577,0
DA:578,0
DA:579,0
DA:580,0
DA:581,0
DA:582,0
DA:583,0
DA:584,0
DA:585,0
DA:586,0
DA:587,0
DA:589,0
DA:590,0
DA:592,2
DA:593,8
DA:594,8
DA:596,8
DA:597,8
DA:598,17
DA:599,17
DA:600,17
DA:601,17
DA:604,0
DA:605,0
DA:606,0
DA:608,17
DA:609,17
DA:610,102
DA:611,17
DA:612,23
DA:613,23
DA:614,17
DA:615,8
DA:617,8
DA:618,0
DA:619,0
DA:620,0
DA:621,32
DA:622,8
DA:624,2
DA:625,224
DA:626,56
DA:628,2
DA:629,508
DA:630,127
DA:632,2
DA:633,27
DA:634,0
DA:635,0
DA:636,0
DA:637,27
DA:638,27
DA:640,2
DA:641,25
DA:642,0
DA:643,0
DA:644,0
DA:645,25
DA:646,25
DA:648,2
DA:649,8
DA:650,8
DA:651,8
DA:652,8
DA:653,0
DA:654,0
DA:656,2
DA:657,173
DA:658,0
DA:659,0
DA:660,0
DA:661,173
DA:662,173
DA:664,2
DA:665,220
DA:666,220
DA:667,279
DA:668,279
DA:669,279
DA:670,379
DA:671,220
DA:673,2
DA:674,80
DA:675,80
DA:676,80
DA:678,2
DA:679,25
DA:680,25
DA:681,25
DA:683,2
DA:684,0
DA:685,0
DA:686,0
DA:687,363
DA:688,363
DA:690,2
DA:691,962
DA:692,0
DA:693,0
DA:694,0
DA:695,0
DA:696,0
DA:697,0
DA:698,962
DA:699,962
DA:701,2
DA:702,21
DA:703,21
DA:705,2
DA:706,412
DA:707,412
DA:709,0
DA:710,0
DA:711,0
DA:712,2
LH:363
LF:625
end_of_record
SF:C:\Git\tinyhm\src\token.ts
FNF:0
FNH:0
BRF:0
BRH:0
DA:17,2
DA:18,2
DA:19,2
DA:20,2
DA:21,2
DA:23,2
DA:24,2
DA:25,2
DA:26,2
DA:27,2
DA:28,2
DA:29,2
DA:30,2
DA:31,2
DA:32,2
DA:33,2
DA:34,2
DA:35,2
DA:36,2
DA:37,2
DA:38,2
DA:39,2
DA:40,2
LH:23
LF:23
end_of_record
SF:C:\Git\tinyhm\src\type_printer.ts
FN:10,formatScheme
FN:19,formatType
FN:51,ensureName
FN:62,nextName
FNDA:9,formatScheme
FNDA:30,formatType
FNDA:16,ensureName
FNDA:6,nextName
FNF:4
FNH:4
BRDA:13,1,0,6
BRDA:21,3,0,10
BRDA:23,3,1,7
BRDA:27,3,2,1
BRDA:27,3,3,6
BRDA:29,3,4,6
BRDA:30,3,5,0
BRDA:36,3,6,0
BRDA:40,3,7,0
BRDA:42,3,8,4
BRDA:44,3,9,3
BRDA:46,3,10,0
BRDA:53,6,0,10
BRDA:55,6,1,6
BRDA:65,7,0,0
BRF:15
BRH:10
DA:8,9
DA:10,1
DA:11,40
DA:12,30
DA:13,10
DA:14,16
DA:15,16
DA:16,10
DA:17,10
DA:19,31
DA:20,31
DA:21,31
DA:22,41
DA:23,69
DA:24,38
DA:25,38
DA:26,38
DA:27,38
DA:28,38
DA:29,68
DA:30,0
DA:31,0
DA:32,0
DA:33,37
DA:34,37
DA:35,37
DA:36,0
DA:37,0
DA:38,0
DA:39,0
DA:40,0
DA:41,0
DA:42,31
DA:43,35
DA:44,31
DA:45,34
DA:46,0
DA:47,0
DA:48,31
DA:49,31
DA:51,17
DA:52,17
DA:53,17
DA:54,27
DA:55,27
DA:56,23
DA:57,23
DA:58,23
DA:59,23
DA:60,17
DA:62,7
DA:63,7
DA:64,7
DA:65,0
DA:66,7
LH:43
LF:55
end_of_record
SF:C:\Git\tinyhm\src\types.ts
FN:19,resetTypeVarCounter
FN:23,freshTypeVar
FN:27,applySubstitution
FN:56,applySubstitutionScheme
FN:69,composeSubstitution
FN:80,occursInType
FN:95,freeTypeVars
FN:114,freeTypeVarsScheme
FN:122,generalize
FN:136,instantiate
FN:160,unionSets
FN:168,unionMany
FNDA:9,resetTypeVarCounter
FNDA:43,freshTypeVar
FNDA:831,applySubstitution
FNDA:63,applySubstitutionScheme
FNDA:17,composeSubstitution
FNDA:24,occursInType
FNDA:145,freeTypeVars
FNDA:28,freeTypeVarsScheme
FNDA:9,generalize
FNDA:28,instantiate
FNDA:32,unionSets
FNDA:42,unionMany
FNF:12
FNH:12
BRDA:29,3,0,419
BRDA:31,3,1,354
BRDA:31,3,2,65
BRDA:34,3,3,121
BRDA:40,3,4,193
BRDA:46,3,5,0
BRDA:51,3,6,98
BRDA:58,6,0,174
BRDA:71,7,0,24
BRDA:74,7,1,41
BRDA:82,8,0,11
BRDA:84,8,1,1
BRDA:86,8,2,4
BRDA:88,8,3,0
BRDA:90,8,4,8
BRDA:97,11,0,60
BRDA:99,11,1,32
BRDA:101,11,2,42
BRDA:105,11,3,0
BRDA:109,11,4,11
BRDA:116,12,0,27
BRDA:124,13,0,28
BRDA:126,13,1,0
BRDA:138,14,0,17
BRDA:162,15,0,31
BRDA:170,16,0,44
BRDA:171,16,1,41
BRF:27
BRH:23
DA:17,1
DA:19,1
DA:20,10
DA:21,10
DA:23,1
DA:24,176
DA:25,44
DA:27,1
DA:28,832
DA:29,2083
DA:30,1251
DA:31,1251
DA:32,1316
DA:33,1316
DA:34,832
DA:35,953
DA:36,953
DA:37,953
DA:38,953
DA:39,953
DA:40,832
DA:41,1025
DA:42,1025
DA:43,1025
DA:44,1025
DA:45,1025
DA:46,0
DA:47,0
DA:48,0
DA:49,0
DA:50,0
DA:51,832
DA:52,930
DA:53,832
DA:54,832
DA:56,1
DA:57,64
DA:58,64
DA:59,238
DA:60,238
DA:61,238
DA:62,238
DA:63,64
DA:64,64
DA:65,64
DA:66,64
DA:67,64
DA:69,1
DA:70,18
DA:71,18
DA:72,42
DA:73,42
DA:74,18
DA:75,59
DA:76,59
DA:77,18
DA:78,18
DA:80,1
DA:81,25
DA:82,25
DA:83,36
DA:84,25
DA:85,26
DA:86,25
DA:87,29
DA:88,0
DA:89,0
DA:90,25
DA:91,33
DA:92,25
DA:93,25
DA:95,1
DA:96,146
DA:97,146
DA:98,618
DA:99,146
DA:100,178
DA:101,334
DA:102,188
DA:103,188
DA:104,188
DA:105,0
DA:106,0
DA:107,0
DA:108,0
DA:109,146
DA:110,157
DA:111,146
DA:112,146
DA:114,1
DA:115,29
DA:116,29
DA:117,56
DA:118,56
DA:119,29
DA:120,29
DA:122,1
DA:123,10
DA:124,10
DA:125,38
DA:126,0
DA:127,0
DA:128,0
DA:129,38
DA:130,10
DA:131,30
DA:132,10
DA:133,10
DA:134,10
DA:136,1
DA:137,29
DA:138,29
DA:139,46
DA:140,46
DA:141,29
DA:142,29
DA:160,33
DA:161,33
DA:162,33
DA:163,64
DA:164,64
DA:165,33
DA:166,33
DA:168,43
DA:169,43
DA:170,43
DA:171,87
DA:172,128
DA:173,128
DA:174,87
DA:175,43
DA:176,43
LH:118
LF:132
end_of_record
